*** SESSION Nov. 13, 2015 10:22:04.46 ------------------------------------------
*** SESSION Nov. 14, 2015 00:34:28.18 ------------------------------------------
*** SESSION März 04, 2016 00:14:21.71 ------------------------------------------
*** SESSION März 04, 2016 22:48:17.77 ------------------------------------------
*** SESSION März 05, 2016 17:28:09.32 ------------------------------------------
*** SESSION März 06, 2016 20:23:04.23 ------------------------------------------
*** SESSION März 16, 2016 17:58:34.85 ------------------------------------------
*** SESSION März 17, 2016 14:36:23.81 ------------------------------------------
*** SESSION März 21, 2016 20:15:46.16 ------------------------------------------
*** SESSION März 26, 2016 16:34:35.12 ------------------------------------------
*** SESSION März 28, 2016 15:38:11.63 ------------------------------------------
*** SESSION März 31, 2016 20:36:02.49 ------------------------------------------
*** SESSION Apr. 01, 2016 13:45:13.00 ------------------------------------------
*** SESSION Apr. 06, 2016 23:19:54.24 ------------------------------------------
*** SESSION Apr. 08, 2016 18:13:54.12 ------------------------------------------
*** SESSION Apr. 08, 2016 18:23:06.51 ------------------------------------------
*** SESSION Apr. 09, 2016 15:51:19.66 ------------------------------------------
*** SESSION Apr. 13, 2016 15:59:32.52 ------------------------------------------
*** SESSION Apr. 14, 2016 20:25:31.61 ------------------------------------------
*** SESSION Apr. 15, 2016 13:14:22.37 ------------------------------------------
*** SESSION Apr. 15, 2016 14:35:15.81 ------------------------------------------
*** SESSION Apr. 15, 2016 14:47:52.10 ------------------------------------------
*** SESSION Apr. 17, 2016 18:59:25.94 ------------------------------------------
*** SESSION Apr. 18, 2016 16:10:41.75 ------------------------------------------
*** SESSION Apr. 20, 2016 14:50:44.70 ------------------------------------------
*** SESSION Apr. 21, 2016 09:45:30.98 ------------------------------------------
*** SESSION Apr. 21, 2016 12:42:25.77 ------------------------------------------
*** SESSION Apr. 22, 2016 14:37:07.72 ------------------------------------------
*** SESSION Apr. 24, 2016 16:14:53.39 ------------------------------------------
*** SESSION Apr. 29, 2016 18:35:11.75 ------------------------------------------
*** SESSION Mai 06, 2016 12:00:13.09 -------------------------------------------
*** SESSION Mai 06, 2016 12:14:32.11 -------------------------------------------
*** SESSION Mai 06, 2016 12:21:21.25 -------------------------------------------
*** SESSION Mai 06, 2016 12:31:57.47 -------------------------------------------
*** SESSION Mai 10, 2016 00:07:48.21 -------------------------------------------
*** SESSION Mai 10, 2016 00:15:23.73 -------------------------------------------
*** SESSION Mai 12, 2016 12:18:19.63 -------------------------------------------
*** SESSION Mai 13, 2016 12:16:02.50 -------------------------------------------
*** SESSION Mai 13, 2016 12:46:18.93 -------------------------------------------
*** SESSION Mai 13, 2016 13:04:50.91 -------------------------------------------
*** SESSION Mai 13, 2016 13:54:48.90 -------------------------------------------
*** SESSION Mai 13, 2016 17:00:47.25 -------------------------------------------
*** SESSION Mai 14, 2016 19:58:25.55 -------------------------------------------
*** SESSION Mai 14, 2016 20:04:11.88 -------------------------------------------
*** SESSION Mai 15, 2016 17:34:55.46 -------------------------------------------
*** SESSION Mai 17, 2016 12:43:05.45 -------------------------------------------
*** SESSION Mai 17, 2016 16:53:17.05 -------------------------------------------
*** SESSION Mai 17, 2016 17:07:50.78 -------------------------------------------
*** SESSION Mai 17, 2016 18:48:05.02 -------------------------------------------
*** SESSION Mai 17, 2016 20:08:42.61 -------------------------------------------
*** SESSION Mai 19, 2016 09:57:51.70 -------------------------------------------
*** SESSION Mai 19, 2016 12:13:55.79 -------------------------------------------
*** SESSION Mai 20, 2016 17:31:52.59 -------------------------------------------
*** SESSION Mai 23, 2016 19:34:01.36 -------------------------------------------
*** SESSION Mai 27, 2016 13:10:35.60 -------------------------------------------
*** SESSION Mai 29, 2016 17:30:25.48 -------------------------------------------
*** SESSION Mai 30, 2016 00:16:21.87 -------------------------------------------
*** SESSION Mai 30, 2016 00:24:47.08 -------------------------------------------
*** SESSION Mai 30, 2016 14:57:03.39 -------------------------------------------
*** SESSION Juni 05, 2016 19:55:29.10 ------------------------------------------
*** SESSION Juni 06, 2016 12:50:36.60 ------------------------------------------
*** SESSION Juni 08, 2016 16:20:03.08 ------------------------------------------
*** SESSION Aug. 21, 2016 23:12:39.64 ------------------------------------------
*** SESSION Sep. 01, 2016 10:20:26.20 ------------------------------------------
*** SESSION Sep. 02, 2016 12:08:56.18 ------------------------------------------
*** SESSION Sep. 02, 2016 12:32:55.66 ------------------------------------------
*** SESSION Sep. 04, 2016 22:35:41.62 ------------------------------------------
*** SESSION Sep. 05, 2016 17:04:56.34 ------------------------------------------
*** SESSION Sep. 05, 2016 17:10:20.66 ------------------------------------------
