!SESSION 2015-10-13 20:04:30.184 -----------------------------------------------
eclipse.buildId=unknown
java.version=1.8.0_60
java.vendor=Oracle Corporation
BootLoader constants: OS=win32, ARCH=x86_64, WS=win32, NL=de_CH
Command-line arguments:  -os win32 -ws win32 -arch x86_64

This is a continuation of log file C:\Users\shoda_000\Dropbox\cWorkSpace\.metadata\.bak_0.log
Created Time: 2015-10-13 20:06:53.512

!ENTRY org.eclipse.cdt.managedbuilder.core 4 0 2015-10-13 20:06:53.517
!MESSAGE Orphaned CDT build configuration [cdt.managedbuild.config.gnu.cross.exe.release.1603604398]: parent extension cfg [cdt.managedbuild.config.gnu.cross.exe.release.1603604398] not found
!STACK 0
java.lang.Exception
	at org.eclipse.cdt.managedbuilder.core.ManagedBuilderCorePlugin.error(ManagedBuilderCorePlugin.java:226)
	at org.eclipse.cdt.managedbuilder.internal.core.Configuration.loadFromProject(Configuration.java:844)
	at org.eclipse.cdt.managedbuilder.internal.core.Configuration.<init>(Configuration.java:402)
	at org.eclipse.cdt.managedbuilder.internal.dataprovider.ConfigurationDataProvider.load(ConfigurationDataProvider.java:391)
	at org.eclipse.cdt.managedbuilder.internal.dataprovider.ConfigurationDataProvider.loadConfiguration(ConfigurationDataProvider.java:557)
	at org.eclipse.cdt.internal.core.settings.model.CConfigurationDescriptionCache.loadData(CConfigurationDescriptionCache.java:136)
	at org.eclipse.cdt.internal.core.settings.model.CProjectDescription.loadDatas(CProjectDescription.java:196)
	at org.eclipse.cdt.internal.core.settings.model.xml.XmlProjectDescriptionStorage.loadProjectDescription(XmlProjectDescriptionStorage.java:500)
	at org.eclipse.cdt.internal.core.settings.model.xml.XmlProjectDescriptionStorage.getProjectDescription(XmlProjectDescriptionStorage.java:237)
	at org.eclipse.cdt.internal.core.settings.model.CProjectDescriptionManager.getProjectDescriptionInternal(CProjectDescriptionManager.java:437)
	at org.eclipse.cdt.internal.core.settings.model.CProjectDescriptionManager.getProjectDescription(CProjectDescriptionManager.java:419)
	at org.eclipse.cdt.internal.core.settings.model.CProjectDescriptionManager.getProjectDescription(CProjectDescriptionManager.java:413)
	at org.eclipse.cdt.internal.core.settings.model.CProjectDescriptionManager.getProjectDescription(CProjectDescriptionManager.java:406)
	at org.eclipse.cdt.internal.core.settings.model.CProjectDescriptionManager.isNewStyleProject(CProjectDescriptionManager.java:2480)
	at org.eclipse.cdt.core.model.CoreModel.isNewStyleProject(CoreModel.java:1445)
	at org.eclipse.cdt.ui.actions.ChangeBuildConfigActionBase.onSelectionChanged(ChangeBuildConfigActionBase.java:232)
	at org.eclipse.cdt.ui.actions.BuildActiveConfigMenuAction.selectionChanged(BuildActiveConfigMenuAction.java:103)
	at org.eclipse.ui.internal.PluginAction.refreshEnablement(PluginAction.java:206)
	at org.eclipse.ui.internal.PluginAction.selectionChanged(PluginAction.java:273)
	at org.eclipse.ui.internal.PluginAction.selectionChanged(PluginAction.java:297)
	at org.eclipse.ui.internal.e4.compatibility.SelectionService.notifyListeners(SelectionService.java:237)
	at org.eclipse.ui.internal.e4.compatibility.SelectionService.handleSelectionChanged(SelectionService.java:107)
	at org.eclipse.ui.internal.e4.compatibility.SelectionService.access$0(SelectionService.java:91)
	at org.eclipse.ui.internal.e4.compatibility.SelectionService$1.selectionChanged(SelectionService.java:66)
	at org.eclipse.e4.ui.internal.workbench.SelectionAggregator$2.run(SelectionAggregator.java:126)
	at org.eclipse.core.runtime.SafeRunner.run(SafeRunner.java:42)
	at org.eclipse.e4.ui.internal.workbench.SelectionAggregator.notifyListeners(SelectionAggregator.java:123)
	at org.eclipse.e4.ui.internal.workbench.SelectionAggregator.access$6(SelectionAggregator.java:120)
	at org.eclipse.e4.ui.internal.workbench.SelectionAggregator$7$1.run(SelectionAggregator.java:233)
	at org.eclipse.e4.core.contexts.RunAndTrack.runExternalCode(RunAndTrack.java:56)
	at org.eclipse.e4.ui.internal.workbench.SelectionAggregator$7.changed(SelectionAggregator.java:230)
	at org.eclipse.e4.core.internal.contexts.TrackableComputationExt.update(TrackableComputationExt.java:114)
	at org.eclipse.e4.core.internal.contexts.EclipseContext.processScheduled(EclipseContext.java:341)
	at org.eclipse.e4.core.internal.contexts.EclipseContext.set(EclipseContext.java:356)
	at org.eclipse.e4.ui.internal.workbench.SelectionServiceImpl.setSelection(SelectionServiceImpl.java:31)
	at org.eclipse.ui.internal.e4.compatibility.CompatibilityPart.selectionChanged(CompatibilityPart.java:441)
	at org.eclipse.jface.viewers.Viewer$2.run(Viewer.java:163)
	at org.eclipse.core.runtime.SafeRunner.run(SafeRunner.java:42)
	at org.eclipse.ui.internal.JFaceUtil$1.run(JFaceUtil.java:50)
	at org.eclipse.jface.util.SafeRunnable.run(SafeRunnable.java:173)
	at org.eclipse.jface.viewers.Viewer.fireSelectionChanged(Viewer.java:160)
	at org.eclipse.jface.viewers.StructuredViewer.updateSelection(StructuredViewer.java:2197)
	at org.eclipse.jface.viewers.StructuredViewer.handleSelect(StructuredViewer.java:1228)
	at org.eclipse.ui.navigator.CommonViewer.handleSelect(CommonViewer.java:461)
	at org.eclipse.jface.viewers.StructuredViewer$4.widgetSelected(StructuredViewer.java:1257)
	at org.eclipse.jface.util.OpenStrategy.fireSelectionEvent(OpenStrategy.java:242)
	at org.eclipse.jface.util.OpenStrategy.access$4(OpenStrategy.java:236)
	at org.eclipse.jface.util.OpenStrategy$1.handleEvent(OpenStrategy.java:408)
	at org.eclipse.swt.widgets.EventTable.sendEvent(EventTable.java:84)
	at org.eclipse.swt.widgets.Display.sendEvent(Display.java:4362)
	at org.eclipse.swt.widgets.Widget.sendEvent(Widget.java:1113)
	at org.eclipse.swt.widgets.Display.runDeferredEvents(Display.java:4180)
	at org.eclipse.swt.widgets.Display.readAndDispatch(Display.java:3769)
	at org.eclipse.e4.ui.internal.workbench.swt.PartRenderingEngine$4.run(PartRenderingEngine.java:1127)
	at org.eclipse.core.databinding.observable.Realm.runWithDefault(Realm.java:337)
	at org.eclipse.e4.ui.internal.workbench.swt.PartRenderingEngine.run(PartRenderingEngine.java:1018)
	at org.eclipse.e4.ui.internal.workbench.E4Workbench.createAndRunUI(E4Workbench.java:156)
	at org.eclipse.ui.internal.Workbench$5.run(Workbench.java:654)
	at org.eclipse.core.databinding.observable.Realm.runWithDefault(Realm.java:337)
	at org.eclipse.ui.internal.Workbench.createAndRunWorkbench(Workbench.java:598)
	at org.eclipse.ui.PlatformUI.createAndRunWorkbench(PlatformUI.java:150)
	at org.eclipse.ui.internal.ide.application.IDEApplication.start(IDEApplication.java:139)
	at org.eclipse.equinox.internal.app.EclipseAppHandle.run(EclipseAppHandle.java:196)
	at org.eclipse.core.runtime.internal.adaptor.EclipseAppLauncher.runApplication(EclipseAppLauncher.java:134)
	at org.eclipse.core.runtime.internal.adaptor.EclipseAppLauncher.start(EclipseAppLauncher.java:104)
	at org.eclipse.core.runtime.adaptor.EclipseStarter.run(EclipseStarter.java:380)
	at org.eclipse.core.runtime.adaptor.EclipseStarter.run(EclipseStarter.java:235)
	at sun.reflect.NativeMethodAccessorImpl.invoke0(Native Method)
	at sun.reflect.NativeMethodAccessorImpl.invoke(Unknown Source)
	at sun.reflect.DelegatingMethodAccessorImpl.invoke(Unknown Source)
	at java.lang.reflect.Method.invoke(Unknown Source)
	at org.eclipse.equinox.launcher.Main.invokeFramework(Main.java:669)
	at org.eclipse.equinox.launcher.Main.basicRun(Main.java:608)
	at org.eclipse.equinox.launcher.Main.run(Main.java:1515)

!ENTRY org.eclipse.cdt.core 4 0 2015-10-13 20:07:04.782
!MESSAGE Error: attempt to set description for a project which does not exist or not open
!STACK 1
org.eclipse.core.runtime.CoreException: attempt to set description for a project which does not exist or not open
	at org.eclipse.cdt.internal.core.settings.model.xml.XmlProjectDescriptionStorage.setCurrentDescription(XmlProjectDescriptionStorage.java:380)
	at org.eclipse.cdt.internal.core.settings.model.xml.XmlProjectDescriptionStorage.setLoaddedDescriptionOnLoad(XmlProjectDescriptionStorage.java:357)
	at org.eclipse.cdt.internal.core.settings.model.xml.XmlProjectDescriptionStorage.getProjectDescription(XmlProjectDescriptionStorage.java:256)
	at org.eclipse.cdt.internal.core.settings.model.CProjectDescriptionManager.getProjectDescriptionInternal(CProjectDescriptionManager.java:437)
	at org.eclipse.cdt.internal.core.settings.model.CProjectDescriptionManager.getProjectDescription(CProjectDescriptionManager.java:419)
	at org.eclipse.cdt.internal.core.settings.model.CProjectDescriptionManager.getProjectDescription(CProjectDescriptionManager.java:413)
	at org.eclipse.cdt.internal.core.settings.model.CProjectDescriptionManager.getProjectDescription(CProjectDescriptionManager.java:406)
	at org.eclipse.cdt.internal.core.settings.model.CProjectDescriptionManager.isNewStyleProject(CProjectDescriptionManager.java:2480)
	at org.eclipse.cdt.core.model.CoreModel.isNewStyleProject(CoreModel.java:1445)
	at org.eclipse.cdt.ui.newui.ManageConfigSelector.getProjects(ManageConfigSelector.java:104)
	at org.eclipse.cdt.ui.actions.ManageConfigsAction.selectionChanged(ManageConfigsAction.java:39)
	at org.eclipse.ui.internal.PluginAction.refreshEnablement(PluginAction.java:206)
	at org.eclipse.ui.internal.PluginAction.selectionChanged(PluginAction.java:273)
	at org.eclipse.ui.internal.PluginAction.selectionChanged(PluginAction.java:297)
	at org.eclipse.ui.internal.e4.compatibility.SelectionService.notifyListeners(SelectionService.java:237)
	at org.eclipse.ui.internal.e4.compatibility.SelectionService.handleSelectionChanged(SelectionService.java:107)
	at org.eclipse.ui.internal.e4.compatibility.SelectionService.access$0(SelectionService.java:91)
	at org.eclipse.ui.internal.e4.compatibility.SelectionService$1.selectionChanged(SelectionService.java:66)
	at org.eclipse.e4.ui.internal.workbench.SelectionAggregator$2.run(SelectionAggregator.java:126)
	at org.eclipse.core.runtime.SafeRunner.run(SafeRunner.java:42)
	at org.eclipse.e4.ui.internal.workbench.SelectionAggregator.notifyListeners(SelectionAggregator.java:123)
	at org.eclipse.e4.ui.internal.workbench.SelectionAggregator.access$6(SelectionAggregator.java:120)
	at org.eclipse.e4.ui.internal.workbench.SelectionAggregator$7$1.run(SelectionAggregator.java:233)
	at org.eclipse.e4.core.contexts.RunAndTrack.runExternalCode(RunAndTrack.java:56)
	at org.eclipse.e4.ui.internal.workbench.SelectionAggregator$7.changed(SelectionAggregator.java:230)
	at org.eclipse.e4.core.internal.contexts.TrackableComputationExt.update(TrackableComputationExt.java:114)
	at org.eclipse.e4.core.internal.contexts.EclipseContext.processScheduled(EclipseContext.java:341)
	at org.eclipse.e4.core.internal.contexts.EclipseContext.set(EclipseContext.java:356)
	at org.eclipse.e4.ui.internal.workbench.SelectionServiceImpl.setSelection(SelectionServiceImpl.java:31)
	at org.eclipse.ui.internal.e4.compatibility.CompatibilityPart.selectionChanged(CompatibilityPart.java:441)
	at org.eclipse.jface.viewers.Viewer$2.run(Viewer.java:163)
	at org.eclipse.core.runtime.SafeRunner.run(SafeRunner.java:42)
	at org.eclipse.ui.internal.JFaceUtil$1.run(JFaceUtil.java:50)
	at org.eclipse.jface.util.SafeRunnable.run(SafeRunnable.java:173)
	at org.eclipse.jface.viewers.Viewer.fireSelectionChanged(Viewer.java:160)
	at org.eclipse.jface.viewers.StructuredViewer.updateSelection(StructuredViewer.java:2197)
	at org.eclipse.jface.viewers.StructuredViewer.setSelection(StructuredViewer.java:1733)
	at org.eclipse.jface.viewers.TreeViewer.setSelection(TreeViewer.java:1093)
	at org.eclipse.ui.navigator.CommonViewer.setSelection(CommonViewer.java:368)
	at org.eclipse.jface.viewers.Viewer.setSelection(Viewer.java:388)
	at org.eclipse.cdt.ui.CElementContentProvider$RefreshProjectState.refresh(CElementContentProvider.java:398)
	at org.eclipse.cdt.ui.CElementContentProvider$1.run(CElementContentProvider.java:452)
	at org.eclipse.swt.widgets.RunnableLock.run(RunnableLock.java:35)
	at org.eclipse.swt.widgets.Synchronizer.runAsyncMessages(Synchronizer.java:135)
	at org.eclipse.swt.widgets.Display.runAsyncMessages(Display.java:4155)
	at org.eclipse.swt.widgets.Display.readAndDispatch(Display.java:3772)
	at org.eclipse.e4.ui.internal.workbench.swt.PartRenderingEngine$4.run(PartRenderingEngine.java:1127)
	at org.eclipse.core.databinding.observable.Realm.runWithDefault(Realm.java:337)
	at org.eclipse.e4.ui.internal.workbench.swt.PartRenderingEngine.run(PartRenderingEngine.java:1018)
	at org.eclipse.e4.ui.internal.workbench.E4Workbench.createAndRunUI(E4Workbench.java:156)
	at org.eclipse.ui.internal.Workbench$5.run(Workbench.java:654)
	at org.eclipse.core.databinding.observable.Realm.runWithDefault(Realm.java:337)
	at org.eclipse.ui.internal.Workbench.createAndRunWorkbench(Workbench.java:598)
	at org.eclipse.ui.PlatformUI.createAndRunWorkbench(PlatformUI.java:150)
	at org.eclipse.ui.internal.ide.application.IDEApplication.start(IDEApplication.java:139)
	at org.eclipse.equinox.internal.app.EclipseAppHandle.run(EclipseAppHandle.java:196)
	at org.eclipse.core.runtime.internal.adaptor.EclipseAppLauncher.runApplication(EclipseAppLauncher.java:134)
	at org.eclipse.core.runtime.internal.adaptor.EclipseAppLauncher.start(EclipseAppLauncher.java:104)
	at org.eclipse.core.runtime.adaptor.EclipseStarter.run(EclipseStarter.java:380)
	at org.eclipse.core.runtime.adaptor.EclipseStarter.run(EclipseStarter.java:235)
	at sun.reflect.NativeMethodAccessorImpl.invoke0(Native Method)
	at sun.reflect.NativeMethodAccessorImpl.invoke(Unknown Source)
	at sun.reflect.DelegatingMethodAccessorImpl.invoke(Unknown Source)
	at java.lang.reflect.Method.invoke(Unknown Source)
	at org.eclipse.equinox.launcher.Main.invokeFramework(Main.java:669)
	at org.eclipse.equinox.launcher.Main.basicRun(Main.java:608)
	at org.eclipse.equinox.launcher.Main.run(Main.java:1515)
!SUBENTRY 1 org.eclipse.cdt.core 4 -1 2015-10-13 20:07:04.783
!MESSAGE attempt to set description for a project which does not exist or not open

!ENTRY org.eclipse.cdt.core 1 0 2015-10-13 20:19:55.783
!MESSAGE Indexed 'Testat1Lib' (3 sources, 222 headers) in 9.62 sec: 39'239 declarations; 79'184 references; 0 unresolved inclusions; 5 syntax errors; 727 unresolved names (0.61 %)

!ENTRY org.eclipse.cdt.dsf 4 10004 2015-10-13 20:47:53.115
!MESSAGE Invalid breakpoint parameter(s)
!SUBENTRY 1 org.eclipse.cdt.dsf.gdb 4 10004 2015-10-13 20:47:53.115
!MESSAGE Invalid breakpoint parameter(s)

!ENTRY org.eclipse.cdt.dsf 4 10005 2015-10-13 20:47:53.133
!MESSAGE Request for monitor: 'RequestMonitor (org.eclipse.cdt.dsf.mi.service.MIRunControl$9@31dcc686): Status ERROR: org.eclipse.cdt.dsf code=10001 Sequence "" failed while rolling back. null children=[Status ERROR: org.eclipse.cdt.dsf.gdb code=10001 Connection is shut down null Status ERROR: org.eclipse.cdt.dsf.gdb code=10001 Connection is shut down null]' resulted in an error.
!SUBENTRY 1 org.eclipse.cdt.dsf.gdb 4 10001 2015-10-13 20:47:53.133
!MESSAGE Connection is shut down
!SUBENTRY 1 org.eclipse.cdt.dsf.gdb 4 10001 2015-10-13 20:47:53.133
!MESSAGE Connection is shut down

!ENTRY org.eclipse.cdt.ui 4 4 2015-10-13 21:11:52.079
!MESSAGE Error
!STACK 1
org.eclipse.core.runtime.CoreException: Could not write file: C:\Users\shoda_000\Dropbox\cWorkSpace\.metadata\.plugins\org.eclipse.cdt.ui\Testat1Lib.build.log.
	at org.eclipse.core.internal.filesystem.Policy.error(Policy.java:49)
	at org.eclipse.core.internal.filesystem.local.LocalFile.openOutputStream(LocalFile.java:412)
	at org.eclipse.cdt.internal.ui.buildconsole.BuildConsolePartitioner$1.logOpen(BuildConsolePartitioner.java:503)
	at org.eclipse.cdt.internal.ui.buildconsole.BuildConsolePartitioner$1.run(BuildConsolePartitioner.java:449)
	at org.eclipse.swt.widgets.RunnableLock.run(RunnableLock.java:35)
	at org.eclipse.swt.widgets.Synchronizer.runAsyncMessages(Synchronizer.java:135)
	at org.eclipse.swt.widgets.Display.runAsyncMessages(Display.java:4155)
	at org.eclipse.swt.widgets.Display.readAndDispatch(Display.java:3772)
	at org.eclipse.e4.ui.internal.workbench.swt.PartRenderingEngine$4.run(PartRenderingEngine.java:1127)
	at org.eclipse.core.databinding.observable.Realm.runWithDefault(Realm.java:337)
	at org.eclipse.e4.ui.internal.workbench.swt.PartRenderingEngine.run(PartRenderingEngine.java:1018)
	at org.eclipse.e4.ui.internal.workbench.E4Workbench.createAndRunUI(E4Workbench.java:156)
	at org.eclipse.ui.internal.Workbench$5.run(Workbench.java:654)
	at org.eclipse.core.databinding.observable.Realm.runWithDefault(Realm.java:337)
	at org.eclipse.ui.internal.Workbench.createAndRunWorkbench(Workbench.java:598)
	at org.eclipse.ui.PlatformUI.createAndRunWorkbench(PlatformUI.java:150)
	at org.eclipse.ui.internal.ide.application.IDEApplication.start(IDEApplication.java:139)
	at org.eclipse.equinox.internal.app.EclipseAppHandle.run(EclipseAppHandle.java:196)
	at org.eclipse.core.runtime.internal.adaptor.EclipseAppLauncher.runApplication(EclipseAppLauncher.java:134)
	at org.eclipse.core.runtime.internal.adaptor.EclipseAppLauncher.start(EclipseAppLauncher.java:104)
	at org.eclipse.core.runtime.adaptor.EclipseStarter.run(EclipseStarter.java:380)
	at org.eclipse.core.runtime.adaptor.EclipseStarter.run(EclipseStarter.java:235)
	at sun.reflect.NativeMethodAccessorImpl.invoke0(Native Method)
	at sun.reflect.NativeMethodAccessorImpl.invoke(Unknown Source)
	at sun.reflect.DelegatingMethodAccessorImpl.invoke(Unknown Source)
	at java.lang.reflect.Method.invoke(Unknown Source)
	at org.eclipse.equinox.launcher.Main.invokeFramework(Main.java:669)
	at org.eclipse.equinox.launcher.Main.basicRun(Main.java:608)
	at org.eclipse.equinox.launcher.Main.run(Main.java:1515)
Caused by: java.io.FileNotFoundException: C:\Users\shoda_000\Dropbox\cWorkSpace\.metadata\.plugins\org.eclipse.cdt.ui\Testat1Lib.build.log (Der Vorgang ist bei einer Datei mit einem geöffneten Bereich, der einem Benutzer zugeordnet ist, nicht anwendbar)
	at java.io.FileOutputStream.open0(Native Method)
	at java.io.FileOutputStream.open(Unknown Source)
	at java.io.FileOutputStream.<init>(Unknown Source)
	at org.eclipse.core.internal.filesystem.local.LocalFile.openOutputStream(LocalFile.java:403)
	... 27 more
!SUBENTRY 1 org.eclipse.core.filesystem 4 272 2015-10-13 21:11:52.079
!MESSAGE Could not write file: C:\Users\shoda_000\Dropbox\cWorkSpace\.metadata\.plugins\org.eclipse.cdt.ui\Testat1Lib.build.log.
!STACK 0
java.io.FileNotFoundException: C:\Users\shoda_000\Dropbox\cWorkSpace\.metadata\.plugins\org.eclipse.cdt.ui\Testat1Lib.build.log (Der Vorgang ist bei einer Datei mit einem geöffneten Bereich, der einem Benutzer zugeordnet ist, nicht anwendbar)
	at java.io.FileOutputStream.open0(Native Method)
	at java.io.FileOutputStream.open(Unknown Source)
	at java.io.FileOutputStream.<init>(Unknown Source)
	at org.eclipse.core.internal.filesystem.local.LocalFile.openOutputStream(LocalFile.java:403)
	at org.eclipse.cdt.internal.ui.buildconsole.BuildConsolePartitioner$1.logOpen(BuildConsolePartitioner.java:503)
	at org.eclipse.cdt.internal.ui.buildconsole.BuildConsolePartitioner$1.run(BuildConsolePartitioner.java:449)
	at org.eclipse.swt.widgets.RunnableLock.run(RunnableLock.java:35)
	at org.eclipse.swt.widgets.Synchronizer.runAsyncMessages(Synchronizer.java:135)
	at org.eclipse.swt.widgets.Display.runAsyncMessages(Display.java:4155)
	at org.eclipse.swt.widgets.Display.readAndDispatch(Display.java:3772)
	at org.eclipse.e4.ui.internal.workbench.swt.PartRenderingEngine$4.run(PartRenderingEngine.java:1127)
	at org.eclipse.core.databinding.observable.Realm.runWithDefault(Realm.java:337)
	at org.eclipse.e4.ui.internal.workbench.swt.PartRenderingEngine.run(PartRenderingEngine.java:1018)
	at org.eclipse.e4.ui.internal.workbench.E4Workbench.createAndRunUI(E4Workbench.java:156)
	at org.eclipse.ui.internal.Workbench$5.run(Workbench.java:654)
	at org.eclipse.core.databinding.observable.Realm.runWithDefault(Realm.java:337)
	at org.eclipse.ui.internal.Workbench.createAndRunWorkbench(Workbench.java:598)
	at org.eclipse.ui.PlatformUI.createAndRunWorkbench(PlatformUI.java:150)
	at org.eclipse.ui.internal.ide.application.IDEApplication.start(IDEApplication.java:139)
	at org.eclipse.equinox.internal.app.EclipseAppHandle.run(EclipseAppHandle.java:196)
	at org.eclipse.core.runtime.internal.adaptor.EclipseAppLauncher.runApplication(EclipseAppLauncher.java:134)
	at org.eclipse.core.runtime.internal.adaptor.EclipseAppLauncher.start(EclipseAppLauncher.java:104)
	at org.eclipse.core.runtime.adaptor.EclipseStarter.run(EclipseStarter.java:380)
	at org.eclipse.core.runtime.adaptor.EclipseStarter.run(EclipseStarter.java:235)
	at sun.reflect.NativeMethodAccessorImpl.invoke0(Native Method)
	at sun.reflect.NativeMethodAccessorImpl.invoke(Unknown Source)
	at sun.reflect.DelegatingMethodAccessorImpl.invoke(Unknown Source)
	at java.lang.reflect.Method.invoke(Unknown Source)
	at org.eclipse.equinox.launcher.Main.invokeFramework(Main.java:669)
	at org.eclipse.equinox.launcher.Main.basicRun(Main.java:608)
	at org.eclipse.equinox.launcher.Main.run(Main.java:1515)

!ENTRY org.eclipse.cdt.ui 4 4 2015-10-13 22:39:20.709
!MESSAGE Error
!STACK 1
org.eclipse.core.runtime.CoreException: Could not write file: C:\Users\shoda_000\Dropbox\cWorkSpace\.metadata\.plugins\org.eclipse.cdt.ui\Testat1Lib.build.log.
	at org.eclipse.core.internal.filesystem.Policy.error(Policy.java:49)
	at org.eclipse.core.internal.filesystem.local.LocalFile.openOutputStream(LocalFile.java:412)
	at org.eclipse.cdt.internal.ui.buildconsole.BuildConsolePartitioner$1.logOpen(BuildConsolePartitioner.java:503)
	at org.eclipse.cdt.internal.ui.buildconsole.BuildConsolePartitioner$1.run(BuildConsolePartitioner.java:449)
	at org.eclipse.swt.widgets.RunnableLock.run(RunnableLock.java:35)
	at org.eclipse.swt.widgets.Synchronizer.runAsyncMessages(Synchronizer.java:135)
	at org.eclipse.swt.widgets.Display.runAsyncMessages(Display.java:4155)
	at org.eclipse.swt.widgets.Display.readAndDispatch(Display.java:3772)
	at org.eclipse.e4.ui.internal.workbench.swt.PartRenderingEngine$4.run(PartRenderingEngine.java:1127)
	at org.eclipse.core.databinding.observable.Realm.runWithDefault(Realm.java:337)
	at org.eclipse.e4.ui.internal.workbench.swt.PartRenderingEngine.run(PartRenderingEngine.java:1018)
	at org.eclipse.e4.ui.internal.workbench.E4Workbench.createAndRunUI(E4Workbench.java:156)
	at org.eclipse.ui.internal.Workbench$5.run(Workbench.java:654)
	at org.eclipse.core.databinding.observable.Realm.runWithDefault(Realm.java:337)
	at org.eclipse.ui.internal.Workbench.createAndRunWorkbench(Workbench.java:598)
	at org.eclipse.ui.PlatformUI.createAndRunWorkbench(PlatformUI.java:150)
	at org.eclipse.ui.internal.ide.application.IDEApplication.start(IDEApplication.java:139)
	at org.eclipse.equinox.internal.app.EclipseAppHandle.run(EclipseAppHandle.java:196)
	at org.eclipse.core.runtime.internal.adaptor.EclipseAppLauncher.runApplication(EclipseAppLauncher.java:134)
	at org.eclipse.core.runtime.internal.adaptor.EclipseAppLauncher.start(EclipseAppLauncher.java:104)
	at org.eclipse.core.runtime.adaptor.EclipseStarter.run(EclipseStarter.java:380)
	at org.eclipse.core.runtime.adaptor.EclipseStarter.run(EclipseStarter.java:235)
	at sun.reflect.NativeMethodAccessorImpl.invoke0(Native Method)
	at sun.reflect.NativeMethodAccessorImpl.invoke(Unknown Source)
	at sun.reflect.DelegatingMethodAccessorImpl.invoke(Unknown Source)
	at java.lang.reflect.Method.invoke(Unknown Source)
	at org.eclipse.equinox.launcher.Main.invokeFramework(Main.java:669)
	at org.eclipse.equinox.launcher.Main.basicRun(Main.java:608)
	at org.eclipse.equinox.launcher.Main.run(Main.java:1515)
Caused by: java.io.FileNotFoundException: C:\Users\shoda_000\Dropbox\cWorkSpace\.metadata\.plugins\org.eclipse.cdt.ui\Testat1Lib.build.log (Der Vorgang ist bei einer Datei mit einem geöffneten Bereich, der einem Benutzer zugeordnet ist, nicht anwendbar)
	at java.io.FileOutputStream.open0(Native Method)
	at java.io.FileOutputStream.open(Unknown Source)
	at java.io.FileOutputStream.<init>(Unknown Source)
	at org.eclipse.core.internal.filesystem.local.LocalFile.openOutputStream(LocalFile.java:403)
	... 27 more
!SUBENTRY 1 org.eclipse.core.filesystem 4 272 2015-10-13 22:39:20.709
!MESSAGE Could not write file: C:\Users\shoda_000\Dropbox\cWorkSpace\.metadata\.plugins\org.eclipse.cdt.ui\Testat1Lib.build.log.
!STACK 0
java.io.FileNotFoundException: C:\Users\shoda_000\Dropbox\cWorkSpace\.metadata\.plugins\org.eclipse.cdt.ui\Testat1Lib.build.log (Der Vorgang ist bei einer Datei mit einem geöffneten Bereich, der einem Benutzer zugeordnet ist, nicht anwendbar)
	at java.io.FileOutputStream.open0(Native Method)
	at java.io.FileOutputStream.open(Unknown Source)
	at java.io.FileOutputStream.<init>(Unknown Source)
	at org.eclipse.core.internal.filesystem.local.LocalFile.openOutputStream(LocalFile.java:403)
	at org.eclipse.cdt.internal.ui.buildconsole.BuildConsolePartitioner$1.logOpen(BuildConsolePartitioner.java:503)
	at org.eclipse.cdt.internal.ui.buildconsole.BuildConsolePartitioner$1.run(BuildConsolePartitioner.java:449)
	at org.eclipse.swt.widgets.RunnableLock.run(RunnableLock.java:35)
	at org.eclipse.swt.widgets.Synchronizer.runAsyncMessages(Synchronizer.java:135)
	at org.eclipse.swt.widgets.Display.runAsyncMessages(Display.java:4155)
	at org.eclipse.swt.widgets.Display.readAndDispatch(Display.java:3772)
	at org.eclipse.e4.ui.internal.workbench.swt.PartRenderingEngine$4.run(PartRenderingEngine.java:1127)
	at org.eclipse.core.databinding.observable.Realm.runWithDefault(Realm.java:337)
	at org.eclipse.e4.ui.internal.workbench.swt.PartRenderingEngine.run(PartRenderingEngine.java:1018)
	at org.eclipse.e4.ui.internal.workbench.E4Workbench.createAndRunUI(E4Workbench.java:156)
	at org.eclipse.ui.internal.Workbench$5.run(Workbench.java:654)
	at org.eclipse.core.databinding.observable.Realm.runWithDefault(Realm.java:337)
	at org.eclipse.ui.internal.Workbench.createAndRunWorkbench(Workbench.java:598)
	at org.eclipse.ui.PlatformUI.createAndRunWorkbench(PlatformUI.java:150)
	at org.eclipse.ui.internal.ide.application.IDEApplication.start(IDEApplication.java:139)
	at org.eclipse.equinox.internal.app.EclipseAppHandle.run(EclipseAppHandle.java:196)
	at org.eclipse.core.runtime.internal.adaptor.EclipseAppLauncher.runApplication(EclipseAppLauncher.java:134)
	at org.eclipse.core.runtime.internal.adaptor.EclipseAppLauncher.start(EclipseAppLauncher.java:104)
	at org.eclipse.core.runtime.adaptor.EclipseStarter.run(EclipseStarter.java:380)
	at org.eclipse.core.runtime.adaptor.EclipseStarter.run(EclipseStarter.java:235)
	at sun.reflect.NativeMethodAccessorImpl.invoke0(Native Method)
	at sun.reflect.NativeMethodAccessorImpl.invoke(Unknown Source)
	at sun.reflect.DelegatingMethodAccessorImpl.invoke(Unknown Source)
	at java.lang.reflect.Method.invoke(Unknown Source)
	at org.eclipse.equinox.launcher.Main.invokeFramework(Main.java:669)
	at org.eclipse.equinox.launcher.Main.basicRun(Main.java:608)
	at org.eclipse.equinox.launcher.Main.run(Main.java:1515)
!SESSION 2015-10-14 08:09:19.383 -----------------------------------------------
eclipse.buildId=unknown
java.version=1.8.0_60
java.vendor=Oracle Corporation
BootLoader constants: OS=win32, ARCH=x86_64, WS=win32, NL=de_CH
Command-line arguments:  -os win32 -ws win32 -arch x86_64

!ENTRY org.eclipse.egit.ui 2 0 2015-10-14 08:09:40.118
!MESSAGE Warning: The environment variable HOME is not set. The following directory will be used to store the Git
user global configuration and to define the default location to store repositories: 'C:\Users\shoda_000'. If this is
not correct please set the HOME environment variable and restart Eclipse. Otherwise Git for Windows and
EGit might behave differently since they see different configuration options.
This warning can be switched off on the Team > Git > Confirmations and Warnings preference page.
!SESSION 2015-10-14 08:24:29.348 -----------------------------------------------
eclipse.buildId=unknown
java.version=1.8.0_60
java.vendor=Oracle Corporation
BootLoader constants: OS=win32, ARCH=x86_64, WS=win32, NL=de_CH
Command-line arguments:  -os win32 -ws win32 -arch x86_64

!ENTRY org.eclipse.egit.ui 2 0 2015-10-14 08:24:40.807
!MESSAGE Warning: The environment variable HOME is not set. The following directory will be used to store the Git
user global configuration and to define the default location to store repositories: 'C:\Users\shoda_000'. If this is
not correct please set the HOME environment variable and restart Eclipse. Otherwise Git for Windows and
EGit might behave differently since they see different configuration options.
This warning can be switched off on the Team > Git > Confirmations and Warnings preference page.
!SESSION 2015-10-14 17:22:48.861 -----------------------------------------------
eclipse.buildId=unknown
java.version=1.8.0_60
java.vendor=Oracle Corporation
BootLoader constants: OS=win32, ARCH=x86_64, WS=win32, NL=de_CH
Command-line arguments:  -os win32 -ws win32 -arch x86_64

!ENTRY org.eclipse.egit.ui 2 0 2015-10-14 17:30:49.011
!MESSAGE Warning: The environment variable HOME is not set. The following directory will be used to store the Git
user global configuration and to define the default location to store repositories: 'C:\Users\shoda_000'. If this is
not correct please set the HOME environment variable and restart Eclipse. Otherwise Git for Windows and
EGit might behave differently since they see different configuration options.
This warning can be switched off on the Team > Git > Confirmations and Warnings preference page.

!ENTRY org.eclipse.cdt.ui 4 4 2015-10-14 17:49:57.099
!MESSAGE Error
!STACK 1
org.eclipse.core.runtime.CoreException: Could not write file: C:\Users\shoda_000\Dropbox\cWorkSpace\.metadata\.plugins\org.eclipse.cdt.ui\Testat1Lib.build.log.
	at org.eclipse.core.internal.filesystem.Policy.error(Policy.java:49)
	at org.eclipse.core.internal.filesystem.local.LocalFile.openOutputStream(LocalFile.java:412)
	at org.eclipse.cdt.internal.ui.buildconsole.BuildConsolePartitioner$1.logOpen(BuildConsolePartitioner.java:503)
	at org.eclipse.cdt.internal.ui.buildconsole.BuildConsolePartitioner$1.run(BuildConsolePartitioner.java:449)
	at org.eclipse.swt.widgets.RunnableLock.run(RunnableLock.java:35)
	at org.eclipse.swt.widgets.Synchronizer.runAsyncMessages(Synchronizer.java:135)
	at org.eclipse.swt.widgets.Display.runAsyncMessages(Display.java:4155)
	at org.eclipse.swt.widgets.Display.readAndDispatch(Display.java:3772)
	at org.eclipse.e4.ui.internal.workbench.swt.PartRenderingEngine$4.run(PartRenderingEngine.java:1127)
	at org.eclipse.core.databinding.observable.Realm.runWithDefault(Realm.java:337)
	at org.eclipse.e4.ui.internal.workbench.swt.PartRenderingEngine.run(PartRenderingEngine.java:1018)
	at org.eclipse.e4.ui.internal.workbench.E4Workbench.createAndRunUI(E4Workbench.java:156)
	at org.eclipse.ui.internal.Workbench$5.run(Workbench.java:654)
	at org.eclipse.core.databinding.observable.Realm.runWithDefault(Realm.java:337)
	at org.eclipse.ui.internal.Workbench.createAndRunWorkbench(Workbench.java:598)
	at org.eclipse.ui.PlatformUI.createAndRunWorkbench(PlatformUI.java:150)
	at org.eclipse.ui.internal.ide.application.IDEApplication.start(IDEApplication.java:139)
	at org.eclipse.equinox.internal.app.EclipseAppHandle.run(EclipseAppHandle.java:196)
	at org.eclipse.core.runtime.internal.adaptor.EclipseAppLauncher.runApplication(EclipseAppLauncher.java:134)
	at org.eclipse.core.runtime.internal.adaptor.EclipseAppLauncher.start(EclipseAppLauncher.java:104)
	at org.eclipse.core.runtime.adaptor.EclipseStarter.run(EclipseStarter.java:380)
	at org.eclipse.core.runtime.adaptor.EclipseStarter.run(EclipseStarter.java:235)
	at sun.reflect.NativeMethodAccessorImpl.invoke0(Native Method)
	at sun.reflect.NativeMethodAccessorImpl.invoke(Unknown Source)
	at sun.reflect.DelegatingMethodAccessorImpl.invoke(Unknown Source)
	at java.lang.reflect.Method.invoke(Unknown Source)
	at org.eclipse.equinox.launcher.Main.invokeFramework(Main.java:669)
	at org.eclipse.equinox.launcher.Main.basicRun(Main.java:608)
	at org.eclipse.equinox.launcher.Main.run(Main.java:1515)
Caused by: java.io.FileNotFoundException: C:\Users\shoda_000\Dropbox\cWorkSpace\.metadata\.plugins\org.eclipse.cdt.ui\Testat1Lib.build.log (Der Vorgang ist bei einer Datei mit einem geöffneten Bereich, der einem Benutzer zugeordnet ist, nicht anwendbar)
	at java.io.FileOutputStream.open0(Native Method)
	at java.io.FileOutputStream.open(Unknown Source)
	at java.io.FileOutputStream.<init>(Unknown Source)
	at org.eclipse.core.internal.filesystem.local.LocalFile.openOutputStream(LocalFile.java:403)
	... 27 more
!SUBENTRY 1 org.eclipse.core.filesystem 4 272 2015-10-14 17:49:57.103
!MESSAGE Could not write file: C:\Users\shoda_000\Dropbox\cWorkSpace\.metadata\.plugins\org.eclipse.cdt.ui\Testat1Lib.build.log.
!STACK 0
java.io.FileNotFoundException: C:\Users\shoda_000\Dropbox\cWorkSpace\.metadata\.plugins\org.eclipse.cdt.ui\Testat1Lib.build.log (Der Vorgang ist bei einer Datei mit einem geöffneten Bereich, der einem Benutzer zugeordnet ist, nicht anwendbar)
	at java.io.FileOutputStream.open0(Native Method)
	at java.io.FileOutputStream.open(Unknown Source)
	at java.io.FileOutputStream.<init>(Unknown Source)
	at org.eclipse.core.internal.filesystem.local.LocalFile.openOutputStream(LocalFile.java:403)
	at org.eclipse.cdt.internal.ui.buildconsole.BuildConsolePartitioner$1.logOpen(BuildConsolePartitioner.java:503)
	at org.eclipse.cdt.internal.ui.buildconsole.BuildConsolePartitioner$1.run(BuildConsolePartitioner.java:449)
	at org.eclipse.swt.widgets.RunnableLock.run(RunnableLock.java:35)
	at org.eclipse.swt.widgets.Synchronizer.runAsyncMessages(Synchronizer.java:135)
	at org.eclipse.swt.widgets.Display.runAsyncMessages(Display.java:4155)
	at org.eclipse.swt.widgets.Display.readAndDispatch(Display.java:3772)
	at org.eclipse.e4.ui.internal.workbench.swt.PartRenderingEngine$4.run(PartRenderingEngine.java:1127)
	at org.eclipse.core.databinding.observable.Realm.runWithDefault(Realm.java:337)
	at org.eclipse.e4.ui.internal.workbench.swt.PartRenderingEngine.run(PartRenderingEngine.java:1018)
	at org.eclipse.e4.ui.internal.workbench.E4Workbench.createAndRunUI(E4Workbench.java:156)
	at org.eclipse.ui.internal.Workbench$5.run(Workbench.java:654)
	at org.eclipse.core.databinding.observable.Realm.runWithDefault(Realm.java:337)
	at org.eclipse.ui.internal.Workbench.createAndRunWorkbench(Workbench.java:598)
	at org.eclipse.ui.PlatformUI.createAndRunWorkbench(PlatformUI.java:150)
	at org.eclipse.ui.internal.ide.application.IDEApplication.start(IDEApplication.java:139)
	at org.eclipse.equinox.internal.app.EclipseAppHandle.run(EclipseAppHandle.java:196)
	at org.eclipse.core.runtime.internal.adaptor.EclipseAppLauncher.runApplication(EclipseAppLauncher.java:134)
	at org.eclipse.core.runtime.internal.adaptor.EclipseAppLauncher.start(EclipseAppLauncher.java:104)
	at org.eclipse.core.runtime.adaptor.EclipseStarter.run(EclipseStarter.java:380)
	at org.eclipse.core.runtime.adaptor.EclipseStarter.run(EclipseStarter.java:235)
	at sun.reflect.NativeMethodAccessorImpl.invoke0(Native Method)
	at sun.reflect.NativeMethodAccessorImpl.invoke(Unknown Source)
	at sun.reflect.DelegatingMethodAccessorImpl.invoke(Unknown Source)
	at java.lang.reflect.Method.invoke(Unknown Source)
	at org.eclipse.equinox.launcher.Main.invokeFramework(Main.java:669)
	at org.eclipse.equinox.launcher.Main.basicRun(Main.java:608)
	at org.eclipse.equinox.launcher.Main.run(Main.java:1515)
!SESSION 2015-10-15 08:08:53.571 -----------------------------------------------
eclipse.buildId=unknown
java.version=1.8.0_60
java.vendor=Oracle Corporation
BootLoader constants: OS=win32, ARCH=x86_64, WS=win32, NL=de_CH
Command-line arguments:  -os win32 -ws win32 -arch x86_64

!ENTRY org.eclipse.egit.ui 2 0 2015-10-15 08:09:11.097
!MESSAGE Warning: The environment variable HOME is not set. The following directory will be used to store the Git
user global configuration and to define the default location to store repositories: 'C:\Users\shoda_000'. If this is
not correct please set the HOME environment variable and restart Eclipse. Otherwise Git for Windows and
EGit might behave differently since they see different configuration options.
This warning can be switched off on the Team > Git > Confirmations and Warnings preference page.
