23:35:07 **** Incremental Build of configuration Debug for project 09_Library ****
Info: Internal Builder is used for build
g++ -std=c++1y -O0 -g3 -Wall -c -fmessage-length=0 -o prime.o "..\\prime.cpp" 
ar -r lib09_Library.a prime.o w09_algo.o word.o 
Info: Nothing to build for 09_Library
23:35:10 **** Incremental Build of configuration Debug for project 09_Library ****
Info: Internal Builder is used for build
g++ -std=c++1y -O0 -g3 -Wall -c -fmessage-length=0 -o prime.o "..\\prime.cpp" 
ar -r lib09_Library.a prime.o w09_algo.o word.o 
23:35:11 **** Incremental Build of configuration Debug for project 09_Executable ****
Info: Internal Builder is used for build
g++ "-LC:\\Users\\shoda_000\\Desktop\\CPlusPlus-Ub\\Desktop\\cWorkSpace\\09_Library\\Debug" -o 09_Executable.exe main.o -l09_Library 
23:35:23 **** Incremental Build of configuration Debug for project 09_Library ****
Info: Internal Builder is used for build
g++ -std=c++1y -O0 -g3 -Wall -c -fmessage-length=0 -o prime.o "..\\prime.cpp" 
ar -r lib09_Library.a prime.o w09_algo.o word.o 
23:35:24 **** Incremental Build of configuration Debug for project 09_Library ****
Info: Internal Builder is used for build
g++ -std=c++1y -O0 -g3 -Wall -c -fmessage-length=0 -o prime.o "..\\prime.cpp" 
ar -r lib09_Library.a prime.o w09_algo.o word.o 
23:35:25 **** Incremental Build of configuration Debug for project 09_Executable ****
Info: Internal Builder is used for build
g++ "-LC:\\Users\\shoda_000\\Desktop\\CPlusPlus-Ub\\Desktop\\cWorkSpace\\09_Library\\Debug" -o 09_Executable.exe main.o -l09_Library 
23:36:00 **** Incremental Build of configuration Debug for project 09_Library ****
Info: Internal Builder is used for build
g++ -std=c++1y -O0 -g3 -Wall -c -fmessage-length=0 -o prime.o "..\\prime.cpp" 
ar -r lib09_Library.a prime.o w09_algo.o word.o 
23:36:01 **** Incremental Build of configuration Debug for project 09_Library ****
Info: Internal Builder is used for build
g++ -std=c++1y -O0 -g3 -Wall -c -fmessage-length=0 -o prime.o "..\\prime.cpp" 
ar -r lib09_Library.a prime.o w09_algo.o word.o 
23:36:02 **** Incremental Build of configuration Debug for project 09_Executable ****
Info: Internal Builder is used for build
g++ "-LC:\\Users\\shoda_000\\Desktop\\CPlusPlus-Ub\\Desktop\\cWorkSpace\\09_Library\\Debug" -o 09_Executable.exe main.o -l09_Library 
23:36:21 **** Incremental Build of configuration Debug for project 09_Library ****
Info: Internal Builder is used for build
g++ -std=c++1y -O0 -g3 -Wall -c -fmessage-length=0 -o prime.o "..\\prime.cpp" 
ar -r lib09_Library.a prime.o w09_algo.o word.o 
23:36:23 **** Incremental Build of configuration Debug for project 09_Library ****
Info: Internal Builder is used for build
g++ -std=c++1y -O0 -g3 -Wall -c -fmessage-length=0 -o prime.o "..\\prime.cpp" 
ar -r lib09_Library.a prime.o w09_algo.o word.o 
23:36:24 **** Incremental Build of configuration Debug for project 09_Executable ****
Info: Internal Builder is used for build
g++ "-LC:\\Users\\shoda_000\\Desktop\\CPlusPlus-Ub\\Desktop\\cWorkSpace\\09_Library\\Debug" -o 09_Executable.exe main.o -l09_Library 
23:36:51 **** Incremental Build of configuration Debug for project 09_Library ****
Info: Internal Builder is used for build
g++ -std=c++1y -O0 -g3 -Wall -c -fmessage-length=0 -o prime.o "..\\prime.cpp" 
ar -r lib09_Library.a prime.o w09_algo.o word.o 
23:36:52 **** Incremental Build of configuration Debug for project 09_Library ****
Info: Internal Builder is used for build
g++ -std=c++1y -O0 -g3 -Wall -c -fmessage-length=0 -o prime.o "..\\prime.cpp" 
ar -r lib09_Library.a prime.o w09_algo.o word.o 
23:36:53 **** Incremental Build of configuration Debug for project 09_Executable ****
Info: Internal Builder is used for build
g++ -std=c++1y "-IC:\\Users\\shoda_000\\Desktop\\CPlusPlus-Ub\\Desktop\\cWorkSpace\\09_Library" -O0 -g3 -Wall -c -fmessage-length=0 -o main.o "..\\main.cpp" 
g++ "-LC:\\Users\\shoda_000\\Desktop\\CPlusPlus-Ub\\Desktop\\cWorkSpace\\09_Library\\Debug" -o 09_Executable.exe main.o -l09_Library 
