01:22:59 **** Incremental Build of configuration Debug for project CPP_GUI ****
Info: Internal Builder is used for build
g++ "-LC:\\wxWidgets-3.1.0\\lib\\gcc_dll" -o CPP_GUI.exe main.o 
main.o: In function `WinMain':
G:\Users\Zmote\Dropbox\cWorkSpace\CPP_GUI\Debug/../main.cpp:21: undefined reference to `wxEntry(HINSTANCE__*, HINSTANCE__*, char*, int)'
main.o: In function `wxCreateApp()':
G:\Users\Zmote\Dropbox\cWorkSpace\CPP_GUI\Debug/../main.cpp:21: undefined reference to `wxAppConsoleBase::CheckBuildOptions(char const*, char const*)'
main.o: In function `wxGet_wxConvLibc()':
C:/wxWidgets-3.1.0/include/wx/strconv.h:601: undefined reference to `wxGet_wxConvLibcPtr()'
main.o: In function `wxString::ImplStr(char const*, wxMBConv const&)':
C:/wxWidgets-3.1.0/include/wx/string.h:361: undefined reference to `wxString::ConvertStr(char const*, unsigned long long, wxMBConv const&)'
main.o: In function `wxObject::operator=(wxObject const&)':
C:/wxWidgets-3.1.0/include/wx/object.h:361: undefined reference to `wxObject::Ref(wxObject const&)'
main.o: In function `wxArrayLong::wxArrayLong()':
C:/wxWidgets-3.1.0/include/wx/dynarray.h:1024: undefined reference to `wxBaseArrayLong::wxBaseArrayLong()'
main.o: In function `wxArrayLong::~wxArrayLong()':
C:/wxWidgets-3.1.0/include/wx/dynarray.h:1024: undefined reference to `wxBaseArrayLong::~wxBaseArrayLong()'
main.o: In function `wxCriticalSectionLocker::wxCriticalSectionLocker(wxCriticalSection&)':
C:/wxWidgets-3.1.0/include/wx/thread.h:307: undefined reference to `wxCriticalSection::Enter()'
main.o: In function `wxCriticalSectionLocker::~wxCriticalSectionLocker()':
C:/wxWidgets-3.1.0/include/wx/thread.h:312: undefined reference to `wxCriticalSection::Leave()'
main.o: In function `wxWindowBase::GetBestVirtualSize() const':
C:/wxWidgets-3.1.0/include/wx/window.h:523: undefined reference to `wxWindowBase::GetBestSize() const'
main.o: In function `wxWindowBase::CanBeFocused() const':
C:/wxWidgets-3.1.0/include/wx/window.h:736: undefined reference to `wxWindowBase::IsEnabled() const'
main.o: In function `wxWindowBase::ProcessWindowEventLocally(wxEvent&)':
C:/wxWidgets-3.1.0/include/wx/window.h:868: undefined reference to `wxEvtHandler::ProcessEventLocally(wxEvent&)'
main.o: In function `wxWindowBase::HasCapture() const':
C:/wxWidgets-3.1.0/include/wx/window.h:1030: undefined reference to `wxWindowBase::GetCapture()'
main.o: In function `wxWindowBase::GetDefaultAttributes() const':
C:/wxWidgets-3.1.0/include/wx/window.h:1101: undefined reference to `wxWindowBase::GetClassDefaultAttributes(wxWindowVariant)'
main.o: In function `wxWindowBase::SetInitialBestSize(wxSize const&)':
C:/wxWidgets-3.1.0/include/wx/window.h:1919: undefined reference to `wxWindowBase::SetInitialSize(wxSize const&)'
main.o: In function `wxWindow::wxWindow()':
C:/wxWidgets-3.1.0/include/wx/msw/window.h:35: undefined reference to `wxWindowBase::wxWindowBase()'
C:/wxWidgets-3.1.0/include/wx/msw/window.h:35: undefined reference to `wxWindow::Init()'
C:/wxWidgets-3.1.0/include/wx/msw/window.h:35: undefined reference to `wxWindowBase::~wxWindowBase()'
main.o: In function `wxWindow::ShowWithEffect(wxShowEffect, unsigned int)':
C:/wxWidgets-3.1.0/include/wx/msw/window.h:71: undefined reference to `wxWindow::MSWShowWithEffect(bool, wxShowEffect, unsigned int)'
main.o: In function `wxWindow::HideWithEffect(wxShowEffect, unsigned int)':
C:/wxWidgets-3.1.0/include/wx/msw/window.h:76: undefined reference to `wxWindow::MSWShowWithEffect(bool, wxShowEffect, unsigned int)'
main.o: In function `wxTopLevelWindowBase::IsActive()':
C:/wxWidgets-3.1.0/include/wx/toplevel.h:203: undefined reference to `wxWindowBase::FindFocus()'
C:/wxWidgets-3.1.0/include/wx/toplevel.h:203: undefined reference to `wxWindowBase::IsDescendant(wxWindowBase*) const'
main.o: In function `wxControlBase::SetLabel(wxString const&)':
C:/wxWidgets-3.1.0/include/wx/control.h:55: undefined reference to `wxWindowBase::InvalidateBestSize()'
C:/wxWidgets-3.1.0/include/wx/control.h:57: undefined reference to `wxWindow::SetLabel(wxString const&)'
main.o: In function `wxControlBase::SetLabelText(wxString const&)':
C:/wxWidgets-3.1.0/include/wx/control.h:67: undefined reference to `wxControlBase::EscapeMnemonics(wxString const&)'
main.o: In function `wxControlBase::GetLabelText() const':
C:/wxWidgets-3.1.0/include/wx/control.h:71: undefined reference to `wxControlBase::GetLabelText(wxString const&)'
main.o: In function `wxControl::wxControl()':
C:/wxWidgets-3.1.0/include/wx/msw/control.h:20: undefined reference to `wxControlBase::~wxControlBase()'
main.o: In function `wxControl::Command(wxCommandEvent&)':
C:/wxWidgets-3.1.0/include/wx/msw/control.h:39: undefined reference to `wxControl::ProcessCommand(wxCommandEvent&)'
main.o: In function `wxControl::GetDefaultAttributes() const':
C:/wxWidgets-3.1.0/include/wx/msw/control.h:47: undefined reference to `wxControl::GetClassDefaultAttributes(wxWindowVariant)'
main.o: In function `wxFrame::wxFrame(wxWindow*, int, wxString const&, wxPoint const&, wxSize const&, long, wxString const&)':
C:/wxWidgets-3.1.0/include/wx/msw/frame.h:30: undefined reference to `wxFrameBase::wxFrameBase()'
C:/wxWidgets-3.1.0/include/wx/msw/frame.h:31: undefined reference to `wxFrame::Init()'
C:/wxWidgets-3.1.0/include/wx/msw/frame.h:33: undefined reference to `wxFrame::Create(wxWindow*, int, wxString const&, wxPoint const&, wxSize const&, long, wxString const&)'
C:/wxWidgets-3.1.0/include/wx/msw/frame.h:30: undefined reference to `wxFrameBase::~wxFrameBase()'
main.o: In function `wxFrame::MSWTranslateMessage(tagMSG*)':
C:/wxWidgets-3.1.0/include/wx/msw/frame.h:97: undefined reference to `wxFrame::MSWDoTranslateMessage(wxFrame*, tagMSG*)'
main.o: In function `wxControl::~wxControl()':
C:/wxWidgets-3.1.0/include/wx/msw/control.h:17: undefined reference to `wxControlBase::~wxControlBase()'
main.o: In function `wxButtonBase::~wxButtonBase()':
C:/wxWidgets-3.1.0/include/wx/button.h:26: undefined reference to `wxAnyButton::~wxAnyButton()'
main.o: In function `wxButton::wxButton(wxWindow*, int, wxString const&, wxPoint const&, wxSize const&, long, wxValidator const&, wxString const&)':
C:/wxWidgets-3.1.0/include/wx/msw/button.h:33: undefined reference to `wxButton::Create(wxWindow*, int, wxString const&, wxPoint const&, wxSize const&, long, wxValidator const&, wxString const&)'
main.o: In function `wxMDIParentFrameBase::TryBefore(wxEvent&)':
C:/wxWidgets-3.1.0/include/wx/mdi.h:406: undefined reference to `wxWindowBase::IsDescendant(wxWindowBase*) const'
C:/wxWidgets-3.1.0/include/wx/mdi.h:414: undefined reference to `wxWindowBase::TryBefore(wxEvent&)'
main.o: In function `my_first_app::on_button_clicked(wxCommandEvent&)':
G:\Users\Zmote\Dropbox\cWorkSpace\CPP_GUI\Debug/../main.cpp:17: undefined reference to `wxMessageBox(wxString const&, wxString const&, long, wxWindow*, int, int)'
main.o: In function `my_first_app::my_first_app()':
G:\Users\Zmote\Dropbox\cWorkSpace\CPP_GUI\Debug/../main.cpp:3: undefined reference to `wxApp::wxApp()'
main.o: In function `void wxEvtHandler::Bind<wxEventTypeTag<wxCommandEvent>, my_first_app, wxCommandEvent, my_first_app>(wxEventTypeTag<wxCommandEvent> const&, void (my_first_app::*)(wxCommandEvent&), my_first_app*, int, int, wxObject*)':
C:/wxWidgets-3.1.0/include/wx/event.h:3566: undefined reference to `wxEvtHandler::DoBind(int, int, int, wxEventFunctor*, wxObject*)'
main.o: In function `wxScopedCharTypeBuffer<wchar_t>::GetNullData()':
C:/wxWidgets-3.1.0/include/wx/buffer.h:182: undefined reference to `wxPrivate::GetUntypedNullData()'
main.o: In function `wxEventFunctorMethod<wxEventTypeTag<wxCommandEvent>, my_first_app, wxCommandEvent, my_first_app>::wxEventFunctorMethod(void (my_first_app::*)(wxCommandEvent&), my_first_app*)':
C:/wxWidgets-3.1.0/include/wx/event.h:349: undefined reference to `wxOnAssert(char const*, int, char const*, char const*, char const*)'
C:/wxWidgets-3.1.0/include/wx/event.h:347: undefined reference to `wxEventFunctor::~wxEventFunctor()'
main.o: In function `wxEventFunctorMethod<wxEventTypeTag<wxCommandEvent>, my_first_app, wxCommandEvent, my_first_app>::~wxEventFunctorMethod()':
C:/wxWidgets-3.1.0/include/wx/event.h:329: undefined reference to `wxEventFunctor::~wxEventFunctor()'
main.o:main.cpp:(.rdata$_ZTV12my_first_app[_ZTV12my_first_app]+0x10): undefined reference to `wxApp::GetClassInfo() const'
main.o:main.cpp:(.rdata$_ZTV12my_first_app[_ZTV12my_first_app]+0x28): undefined reference to `wxObject::CreateRefData() const'
main.o:main.cpp:(.rdata$_ZTV12my_first_app[_ZTV12my_first_app]+0x30): undefined reference to `wxObject::CloneRefData(wxRefCounter const*) const'
main.o:main.cpp:(.rdata$_ZTV12my_first_app[_ZTV12my_first_app]+0x48): undefined reference to `wxEvtHandler::ProcessEvent(wxEvent&)'
main.o:main.cpp:(.rdata$_ZTV12my_first_app[_ZTV12my_first_app]+0x50): undefined reference to `wxEvtHandler::QueueEvent(wxEvent*)'
main.o:main.cpp:(.rdata$_ZTV12my_first_app[_ZTV12my_first_app]+0x60): undefined reference to `wxEvtHandler::SearchEventTable(wxEventTable&, wxEvent&)'
main.o:main.cpp:(.rdata$_ZTV12my_first_app[_ZTV12my_first_app]+0x68): undefined reference to `wxEvtHandler::TryBefore(wxEvent&)'
main.o:main.cpp:(.rdata$_ZTV12my_first_app[_ZTV12my_first_app]+0x70): undefined reference to `wxEvtHandler::TryAfter(wxEvent&)'
main.o:main.cpp:(.rdata$_ZTV12my_first_app[_ZTV12my_first_app]+0x80): undefined reference to `wxApp::GetEventTable() const'
main.o:main.cpp:(.rdata$_ZTV12my_first_app[_ZTV12my_first_app]+0x88): undefined reference to `wxApp::GetEventHashTable() const'
main.o:main.cpp:(.rdata$_ZTV12my_first_app[_ZTV12my_first_app]+0x90): undefined reference to `wxEvtHandler::DoSetClientObject(wxClientData*)'
main.o:main.cpp:(.rdata$_ZTV12my_first_app[_ZTV12my_first_app]+0x98): undefined reference to `wxEvtHandler::DoGetClientObject() const'
main.o:main.cpp:(.rdata$_ZTV12my_first_app[_ZTV12my_first_app]+0xa0): undefined reference to `wxEvtHandler::DoSetClientData(void*)'
main.o:main.cpp:(.rdata$_ZTV12my_first_app[_ZTV12my_first_app]+0xa8): undefined reference to `wxEvtHandler::DoGetClientData() const'
main.o:main.cpp:(.rdata$_ZTV12my_first_app[_ZTV12my_first_app]+0xb0): undefined reference to `wxApp::Initialize(int&, wchar_t**)'
main.o:main.cpp:(.rdata$_ZTV12my_first_app[_ZTV12my_first_app]+0xc8): undefined reference to `wxAppBase::OnRun()'
main.o:main.cpp:(.rdata$_ZTV12my_first_app[_ZTV12my_first_app]+0xd0): undefined reference to `wxAppConsoleBase::OnLaunched()'
main.o:main.cpp:(.rdata$_ZTV12my_first_app[_ZTV12my_first_app]+0xe0): undefined reference to `wxAppBase::OnExit()'
main.o:main.cpp:(.rdata$_ZTV12my_first_app[_ZTV12my_first_app]+0xf0): undefined reference to `wxApp::CleanUp()'
main.o:main.cpp:(.rdata$_ZTV12my_first_app[_ZTV12my_first_app]+0x100): undefined reference to `wxAppConsoleBase::Exit()'
main.o:main.cpp:(.rdata$_ZTV12my_first_app[_ZTV12my_first_app]+0x108): undefined reference to `wxAppBase::OnInitCmdLine(wxCmdLineParser&)'
main.o:main.cpp:(.rdata$_ZTV12my_first_app[_ZTV12my_first_app]+0x110): undefined reference to `wxAppBase::OnCmdLineParsed(wxCmdLineParser&)'
main.o:main.cpp:(.rdata$_ZTV12my_first_app[_ZTV12my_first_app]+0x118): undefined reference to `wxAppConsoleBase::OnCmdLineHelp(wxCmdLineParser&)'
main.o:main.cpp:(.rdata$_ZTV12my_first_app[_ZTV12my_first_app]+0x120): undefined reference to `wxAppConsoleBase::OnCmdLineError(wxCmdLineParser&)'
main.o:main.cpp:(.rdata$_ZTV12my_first_app[_ZTV12my_first_app]+0x128): undefined reference to `wxAppConsoleBase::SetCLocale()'
main.o:main.cpp:(.rdata$_ZTV12my_first_app[_ZTV12my_first_app]+0x130): undefined reference to `wxAppConsoleBase::FilterEvent(wxEvent&)'
main.o:main.cpp:(.rdata$_ZTV12my_first_app[_ZTV12my_first_app]+0x138): undefined reference to `wxAppConsoleBase::CallEventHandler(wxEvtHandler*, wxEventFunctor&, wxEvent&) const'
main.o:main.cpp:(.rdata$_ZTV12my_first_app[_ZTV12my_first_app]+0x140): undefined reference to `wxAppConsoleBase::HandleEvent(wxEvtHandler*, void (wxEvtHandler::*)(wxEvent&), wxEvent&) const'
main.o:main.cpp:(.rdata$_ZTV12my_first_app[_ZTV12my_first_app]+0x148): undefined reference to `wxAppConsoleBase::OnUnhandledException()'
main.o:main.cpp:(.rdata$_ZTV12my_first_app[_ZTV12my_first_app]+0x150): undefined reference to `wxApp::OnExceptionInMainLoop()'
main.o:main.cpp:(.rdata$_ZTV12my_first_app[_ZTV12my_first_app]+0x158): undefined reference to `wxAppConsoleBase::StoreCurrentException()'
main.o:main.cpp:(.rdata$_ZTV12my_first_app[_ZTV12my_first_app]+0x160): undefined reference to `wxAppConsoleBase::RethrowStoredException()'
main.o:main.cpp:(.rdata$_ZTV12my_first_app[_ZTV12my_first_app]+0x168): undefined reference to `wxAppConsoleBase::ProcessPendingEvents()'
main.o:main.cpp:(.rdata$_ZTV12my_first_app[_ZTV12my_first_app]+0x170): undefined reference to `wxAppConsoleBase::Pending()'
main.o:main.cpp:(.rdata$_ZTV12my_first_app[_ZTV12my_first_app]+0x178): undefined reference to `wxAppConsoleBase::Dispatch()'
main.o:main.cpp:(.rdata$_ZTV12my_first_app[_ZTV12my_first_app]+0x180): undefined reference to `wxAppConsoleBase::MainLoop()'
main.o:main.cpp:(.rdata$_ZTV12my_first_app[_ZTV12my_first_app]+0x188): undefined reference to `wxAppConsoleBase::ExitMainLoop()'
main.o:main.cpp:(.rdata$_ZTV12my_first_app[_ZTV12my_first_app]+0x190): undefined reference to `wxApp::WakeUpIdle()'
main.o:main.cpp:(.rdata$_ZTV12my_first_app[_ZTV12my_first_app]+0x198): undefined reference to `wxAppBase::ProcessIdle()'
main.o:main.cpp:(.rdata$_ZTV12my_first_app[_ZTV12my_first_app]+0x1a8): undefined reference to `wxAppConsoleBase::OnAssertFailure(wchar_t const*, int, wchar_t const*, wchar_t const*, wchar_t const*)'
main.o:main.cpp:(.rdata$_ZTV12my_first_app[_ZTV12my_first_app]+0x1b0): undefined reference to `wxAppConsoleBase::OnAssert(wchar_t const*, int, wchar_t const*, wchar_t const*)'
main.o:main.cpp:(.rdata$_ZTV12my_first_app[_ZTV12my_first_app]+0x1b8): undefined reference to `wxAppBase::CreateTraits()'
main.o:main.cpp:(.rdata$_ZTV12my_first_app[_ZTV12my_first_app]+0x1c0): undefined reference to `wxAppBase::OnInitGui()'
main.o:main.cpp:(.rdata$_ZTV12my_first_app[_ZTV12my_first_app]+0x1c8): undefined reference to `wxAppBase::SafeYield(wxWindow*, bool)'
main.o:main.cpp:(.rdata$_ZTV12my_first_app[_ZTV12my_first_app]+0x1d0): undefined reference to `wxAppBase::SafeYieldFor(wxWindow*, long)'
main.o:main.cpp:(.rdata$_ZTV12my_first_app[_ZTV12my_first_app]+0x1e0): undefined reference to `wxAppBase::GetTopWindow() const'
main.o:main.cpp:(.rdata$_ZTV12my_first_app[_ZTV12my_first_app]+0x1e8): undefined reference to `wxAppBase::GetDisplayMode() const'
main.o:main.cpp:(.rdata$_ZTV12my_first_app[_ZTV12my_first_app]+0x200): undefined reference to `wxAppBase::GetLayoutDirection() const'
main.o:main.cpp:(.rdata$_ZTV12my_first_app[_ZTV12my_first_app]+0x210): undefined reference to `wxAppBase::SetActive(bool, wxWindow*)'
main.o:main.cpp:(.rdata$_ZTV12my_first_app[_ZTV12my_first_app]+0x240): undefined reference to `non-virtual thunk to wxAppConsoleBase::FilterEvent(wxEvent&)'
main.o: In function `my_first_app::~my_first_app()':
G:\Users\Zmote\Dropbox\cWorkSpace\CPP_GUI\Debug/../main.cpp:3: undefined reference to `wxApp::~wxApp()'
main.o:main.cpp:(.rdata$_ZTV20wxMDIParentFrameBase[_ZTV20wxMDIParentFrameBase]+0x10): undefined reference to `wxFrame::GetClassInfo() const'
main.o:main.cpp:(.rdata$_ZTV20wxMDIParentFrameBase[_ZTV20wxMDIParentFrameBase]+0x28): undefined reference to `wxObject::CreateRefData() const'
main.o:main.cpp:(.rdata$_ZTV20wxMDIParentFrameBase[_ZTV20wxMDIParentFrameBase]+0x30): undefined reference to `wxObject::CloneRefData(wxRefCounter const*) const'
main.o:main.cpp:(.rdata$_ZTV20wxMDIParentFrameBase[_ZTV20wxMDIParentFrameBase]+0x38): undefined reference to `wxWindowBase::SetNextHandler(wxEvtHandler*)'
main.o:main.cpp:(.rdata$_ZTV20wxMDIParentFrameBase[_ZTV20wxMDIParentFrameBase]+0x40): undefined reference to `wxWindowBase::SetPreviousHandler(wxEvtHandler*)'
main.o:main.cpp:(.rdata$_ZTV20wxMDIParentFrameBase[_ZTV20wxMDIParentFrameBase]+0x48): undefined reference to `wxEvtHandler::ProcessEvent(wxEvent&)'
main.o:main.cpp:(.rdata$_ZTV20wxMDIParentFrameBase[_ZTV20wxMDIParentFrameBase]+0x50): undefined reference to `wxEvtHandler::QueueEvent(wxEvent*)'
main.o:main.cpp:(.rdata$_ZTV20wxMDIParentFrameBase[_ZTV20wxMDIParentFrameBase]+0x60): undefined reference to `wxEvtHandler::SearchEventTable(wxEventTable&, wxEvent&)'
main.o:main.cpp:(.rdata$_ZTV20wxMDIParentFrameBase[_ZTV20wxMDIParentFrameBase]+0x70): undefined reference to `wxWindowBase::TryAfter(wxEvent&)'
main.o:main.cpp:(.rdata$_ZTV20wxMDIParentFrameBase[_ZTV20wxMDIParentFrameBase]+0x80): undefined reference to `wxFrame::GetEventTable() const'
main.o:main.cpp:(.rdata$_ZTV20wxMDIParentFrameBase[_ZTV20wxMDIParentFrameBase]+0x88): undefined reference to `wxFrame::GetEventHashTable() const'
main.o:main.cpp:(.rdata$_ZTV20wxMDIParentFrameBase[_ZTV20wxMDIParentFrameBase]+0x90): undefined reference to `wxEvtHandler::DoSetClientObject(wxClientData*)'
main.o:main.cpp:(.rdata$_ZTV20wxMDIParentFrameBase[_ZTV20wxMDIParentFrameBase]+0x98): undefined reference to `wxEvtHandler::DoGetClientObject() const'
main.o:main.cpp:(.rdata$_ZTV20wxMDIParentFrameBase[_ZTV20wxMDIParentFrameBase]+0xa0): undefined reference to `wxEvtHandler::DoSetClientData(void*)'
main.o:main.cpp:(.rdata$_ZTV20wxMDIParentFrameBase[_ZTV20wxMDIParentFrameBase]+0xa8): undefined reference to `wxEvtHandler::DoGetClientData() const'
main.o:main.cpp:(.rdata$_ZTV20wxMDIParentFrameBase[_ZTV20wxMDIParentFrameBase]+0xb0): undefined reference to `wxTopLevelWindowBase::Destroy()'
main.o:main.cpp:(.rdata$_ZTV20wxMDIParentFrameBase[_ZTV20wxMDIParentFrameBase]+0xb8): undefined reference to `wxWindow::SetLabel(wxString const&)'
main.o:main.cpp:(.rdata$_ZTV20wxMDIParentFrameBase[_ZTV20wxMDIParentFrameBase]+0xc0): undefined reference to `wxWindow::GetLabel() const'
main.o:main.cpp:(.rdata$_ZTV20wxMDIParentFrameBase[_ZTV20wxMDIParentFrameBase]+0xd8): undefined reference to `wxWindow::GetLayoutDirection() const'
main.o:main.cpp:(.rdata$_ZTV20wxMDIParentFrameBase[_ZTV20wxMDIParentFrameBase]+0xe0): undefined reference to `wxTopLevelWindowMSW::SetLayoutDirection(wxLayoutDirection)'
main.o:main.cpp:(.rdata$_ZTV20wxMDIParentFrameBase[_ZTV20wxMDIParentFrameBase]+0xe8): undefined reference to `wxWindow::AdjustForLayoutDirection(int, int, int) const'
main.o:main.cpp:(.rdata$_ZTV20wxMDIParentFrameBase[_ZTV20wxMDIParentFrameBase]+0xf0): undefined reference to `wxWindow::SetId(int)'
main.o:main.cpp:(.rdata$_ZTV20wxMDIParentFrameBase[_ZTV20wxMDIParentFrameBase]+0xf8): undefined reference to `wxTopLevelWindowMSW::Raise()'
main.o:main.cpp:(.rdata$_ZTV20wxMDIParentFrameBase[_ZTV20wxMDIParentFrameBase]+0x100): undefined reference to `wxWindow::Lower()'
main.o:main.cpp:(.rdata$_ZTV20wxMDIParentFrameBase[_ZTV20wxMDIParentFrameBase]+0x108): undefined reference to `wxFrame::GetClientAreaOrigin() const'
main.o:main.cpp:(.rdata$_ZTV20wxMDIParentFrameBase[_ZTV20wxMDIParentFrameBase]+0x110): undefined reference to `wxWindowBase::ClientToWindowSize(wxSize const&) const'
main.o:main.cpp:(.rdata$_ZTV20wxMDIParentFrameBase[_ZTV20wxMDIParentFrameBase]+0x118): undefined reference to `wxWindowBase::WindowToClientSize(wxSize const&) const'
main.o:main.cpp:(.rdata$_ZTV20wxMDIParentFrameBase[_ZTV20wxMDIParentFrameBase]+0x120): undefined reference to `wxWindowBase::GetEffectiveMinSize() const'
main.o:main.cpp:(.rdata$_ZTV20wxMDIParentFrameBase[_ZTV20wxMDIParentFrameBase]+0x128): undefined reference to `wxWindowBase::Fit()'
main.o:main.cpp:(.rdata$_ZTV20wxMDIParentFrameBase[_ZTV20wxMDIParentFrameBase]+0x130): undefined reference to `wxWindowBase::FitInside()'
main.o:main.cpp:(.rdata$_ZTV20wxMDIParentFrameBase[_ZTV20wxMDIParentFrameBase]+0x140): undefined reference to `wxTopLevelWindowBase::SetMinSize(wxSize const&)'
main.o:main.cpp:(.rdata$_ZTV20wxMDIParentFrameBase[_ZTV20wxMDIParentFrameBase]+0x148): undefined reference to `wxTopLevelWindowBase::SetMaxSize(wxSize const&)'
main.o:main.cpp:(.rdata$_ZTV20wxMDIParentFrameBase[_ZTV20wxMDIParentFrameBase]+0x180): undefined reference to `wxWindowBase::DoSetVirtualSize(int, int)'
main.o:main.cpp:(.rdata$_ZTV20wxMDIParentFrameBase[_ZTV20wxMDIParentFrameBase]+0x188): undefined reference to `wxWindowBase::DoGetVirtualSize() const'
main.o:main.cpp:(.rdata$_ZTV20wxMDIParentFrameBase[_ZTV20wxMDIParentFrameBase]+0x198): undefined reference to `wxWindowBase::GetContentScaleFactor() const'
main.o:main.cpp:(.rdata$_ZTV20wxMDIParentFrameBase[_ZTV20wxMDIParentFrameBase]+0x1a0): undefined reference to `wxWindowBase::GetWindowBorderSize() const'
main.o:main.cpp:(.rdata$_ZTV20wxMDIParentFrameBase[_ZTV20wxMDIParentFrameBase]+0x1a8): undefined reference to `wxWindowBase::InformFirstDirection(int, int, int)'
main.o:main.cpp:(.rdata$_ZTV20wxMDIParentFrameBase[_ZTV20wxMDIParentFrameBase]+0x1b0): undefined reference to `wxFrame::SendSizeEvent(int)'
main.o:main.cpp:(.rdata$_ZTV20wxMDIParentFrameBase[_ZTV20wxMDIParentFrameBase]+0x1b8): undefined reference to `wxWindow::BeginRepositioningChildren()'
main.o:main.cpp:(.rdata$_ZTV20wxMDIParentFrameBase[_ZTV20wxMDIParentFrameBase]+0x1c0): undefined reference to `wxWindow::EndRepositioningChildren()'
main.o:main.cpp:(.rdata$_ZTV20wxMDIParentFrameBase[_ZTV20wxMDIParentFrameBase]+0x1c8): undefined reference to `wxTopLevelWindowMSW::Show(bool)'
main.o:main.cpp:(.rdata$_ZTV20wxMDIParentFrameBase[_ZTV20wxMDIParentFrameBase]+0x1e0): undefined reference to `wxWindowBase::Enable(bool)'
main.o:main.cpp:(.rdata$_ZTV20wxMDIParentFrameBase[_ZTV20wxMDIParentFrameBase]+0x1f0): undefined reference to `wxWindowBase::IsShownOnScreen() const'
main.o:main.cpp:(.rdata$_ZTV20wxMDIParentFrameBase[_ZTV20wxMDIParentFrameBase]+0x1f8): undefined reference to `wxWindow::SetWindowStyleFlag(long)'
main.o:main.cpp:(.rdata$_ZTV20wxMDIParentFrameBase[_ZTV20wxMDIParentFrameBase]+0x210): undefined reference to `wxWindow::SetExtraStyle(long)'
main.o:main.cpp:(.rdata$_ZTV20wxMDIParentFrameBase[_ZTV20wxMDIParentFrameBase]+0x228): undefined reference to `wxWindow::SetFocus()'
main.o:main.cpp:(.rdata$_ZTV20wxMDIParentFrameBase[_ZTV20wxMDIParentFrameBase]+0x230): undefined reference to `wxWindow::SetFocusFromKbd()'
main.o:main.cpp:(.rdata$_ZTV20wxMDIParentFrameBase[_ZTV20wxMDIParentFrameBase]+0x238): undefined reference to `wxWindowBase::HasFocus() const'
main.o:main.cpp:(.rdata$_ZTV20wxMDIParentFrameBase[_ZTV20wxMDIParentFrameBase]+0x270): undefined reference to `wxWindow::Reparent(wxWindowBase*)'
main.o:main.cpp:(.rdata$_ZTV20wxMDIParentFrameBase[_ZTV20wxMDIParentFrameBase]+0x278): undefined reference to `wxWindowBase::AddChild(wxWindowBase*)'
main.o:main.cpp:(.rdata$_ZTV20wxMDIParentFrameBase[_ZTV20wxMDIParentFrameBase]+0x280): undefined reference to `wxWindowBase::RemoveChild(wxWindowBase*)'
main.o:main.cpp:(.rdata$_ZTV20wxMDIParentFrameBase[_ZTV20wxMDIParentFrameBase]+0x290): undefined reference to `wxWindowBase::SetValidator(wxValidator const&)'
main.o:main.cpp:(.rdata$_ZTV20wxMDIParentFrameBase[_ZTV20wxMDIParentFrameBase]+0x2a0): undefined reference to `wxWindowBase::Validate()'
main.o:main.cpp:(.rdata$_ZTV20wxMDIParentFrameBase[_ZTV20wxMDIParentFrameBase]+0x2a8): undefined reference to `wxWindowBase::TransferDataToWindow()'
main.o:main.cpp:(.rdata$_ZTV20wxMDIParentFrameBase[_ZTV20wxMDIParentFrameBase]+0x2b0): undefined reference to `wxWindowBase::TransferDataFromWindow()'
main.o:main.cpp:(.rdata$_ZTV20wxMDIParentFrameBase[_ZTV20wxMDIParentFrameBase]+0x2b8): undefined reference to `wxWindowBase::InitDialog()'
main.o:main.cpp:(.rdata$_ZTV20wxMDIParentFrameBase[_ZTV20wxMDIParentFrameBase]+0x2c8): undefined reference to `wxWindow::RegisterHotKey(int, int, int)'
main.o:main.cpp:(.rdata$_ZTV20wxMDIParentFrameBase[_ZTV20wxMDIParentFrameBase]+0x2d0): undefined reference to `wxWindow::UnregisterHotKey(int)'
main.o:main.cpp:(.rdata$_ZTV20wxMDIParentFrameBase[_ZTV20wxMDIParentFrameBase]+0x2d8): undefined reference to `wxWindow::WarpPointer(int, int)'
main.o:main.cpp:(.rdata$_ZTV20wxMDIParentFrameBase[_ZTV20wxMDIParentFrameBase]+0x2e8): undefined reference to `wxWindow::Refresh(bool, wxRect const*)'
main.o:main.cpp:(.rdata$_ZTV20wxMDIParentFrameBase[_ZTV20wxMDIParentFrameBase]+0x2f0): undefined reference to `wxWindow::Update()'
main.o:main.cpp:(.rdata$_ZTV20wxMDIParentFrameBase[_ZTV20wxMDIParentFrameBase]+0x2f8): undefined reference to `wxWindowBase::ClearBackground()'
main.o:main.cpp:(.rdata$_ZTV20wxMDIParentFrameBase[_ZTV20wxMDIParentFrameBase]+0x308): undefined reference to `wxWindow::IsDoubleBuffered() const'
main.o:main.cpp:(.rdata$_ZTV20wxMDIParentFrameBase[_ZTV20wxMDIParentFrameBase]+0x310): undefined reference to `wxWindowBase::DoIsExposed(int, int) const'
main.o:main.cpp:(.rdata$_ZTV20wxMDIParentFrameBase[_ZTV20wxMDIParentFrameBase]+0x318): undefined reference to `wxWindowBase::DoIsExposed(int, int, int, int) const'
main.o:main.cpp:(.rdata$_ZTV20wxMDIParentFrameBase[_ZTV20wxMDIParentFrameBase]+0x328): undefined reference to `wxWindowBase::SetBackgroundColour(wxColour const&)'
main.o:main.cpp:(.rdata$_ZTV20wxMDIParentFrameBase[_ZTV20wxMDIParentFrameBase]+0x330): undefined reference to `wxWindowBase::SetForegroundColour(wxColour const&)'
main.o:main.cpp:(.rdata$_ZTV20wxMDIParentFrameBase[_ZTV20wxMDIParentFrameBase]+0x338): undefined reference to `wxWindowBase::SetBackgroundStyle(wxBackgroundStyle)'
main.o:main.cpp:(.rdata$_ZTV20wxMDIParentFrameBase[_ZTV20wxMDIParentFrameBase]+0x348): undefined reference to `wxWindowBase::IsTransparentBackgroundSupported(wxString*) const'
main.o:main.cpp:(.rdata$_ZTV20wxMDIParentFrameBase[_ZTV20wxMDIParentFrameBase]+0x350): undefined reference to `wxWindow::SetFont(wxFont const&)'
main.o:main.cpp:(.rdata$_ZTV20wxMDIParentFrameBase[_ZTV20wxMDIParentFrameBase]+0x358): undefined reference to `wxWindow::SetCursor(wxCursor const&)'
main.o:main.cpp:(.rdata$_ZTV20wxMDIParentFrameBase[_ZTV20wxMDIParentFrameBase]+0x360): undefined reference to `wxWindow::GetCharHeight() const'
main.o:main.cpp:(.rdata$_ZTV20wxMDIParentFrameBase[_ZTV20wxMDIParentFrameBase]+0x368): undefined reference to `wxWindow::GetCharWidth() const'
main.o:main.cpp:(.rdata$_ZTV20wxMDIParentFrameBase[_ZTV20wxMDIParentFrameBase]+0x370): undefined reference to `wxFrameBase::UpdateWindowUI(long)'
main.o:main.cpp:(.rdata$_ZTV20wxMDIParentFrameBase[_ZTV20wxMDIParentFrameBase]+0x378): undefined reference to `wxTopLevelWindowBase::DoUpdateWindowUI(wxUpdateUIEvent&)'
main.o:main.cpp:(.rdata$_ZTV20wxMDIParentFrameBase[_ZTV20wxMDIParentFrameBase]+0x388): undefined reference to `wxWindowBase::CanScroll(int) const'
main.o:main.cpp:(.rdata$_ZTV20wxMDIParentFrameBase[_ZTV20wxMDIParentFrameBase]+0x390): undefined reference to `wxWindow::SetScrollbar(int, int, int, int, bool)'
main.o:main.cpp:(.rdata$_ZTV20wxMDIParentFrameBase[_ZTV20wxMDIParentFrameBase]+0x398): undefined reference to `wxWindow::SetScrollPos(int, int, bool)'
main.o:main.cpp:(.rdata$_ZTV20wxMDIParentFrameBase[_ZTV20wxMDIParentFrameBase]+0x3a0): undefined reference to `wxWindow::GetScrollPos(int) const'
main.o:main.cpp:(.rdata$_ZTV20wxMDIParentFrameBase[_ZTV20wxMDIParentFrameBase]+0x3a8): undefined reference to `wxWindow::GetScrollThumb(int) const'
main.o:main.cpp:(.rdata$_ZTV20wxMDIParentFrameBase[_ZTV20wxMDIParentFrameBase]+0x3b0): undefined reference to `wxWindow::GetScrollRange(int) const'
main.o:main.cpp:(.rdata$_ZTV20wxMDIParentFrameBase[_ZTV20wxMDIParentFrameBase]+0x3b8): undefined reference to `wxWindow::ScrollWindow(int, int, wxRect const*)'
main.o:main.cpp:(.rdata$_ZTV20wxMDIParentFrameBase[_ZTV20wxMDIParentFrameBase]+0x3c0): undefined reference to `wxWindow::ScrollLines(int)'
main.o:main.cpp:(.rdata$_ZTV20wxMDIParentFrameBase[_ZTV20wxMDIParentFrameBase]+0x3c8): undefined reference to `wxWindow::ScrollPages(int)'
main.o:main.cpp:(.rdata$_ZTV20wxMDIParentFrameBase[_ZTV20wxMDIParentFrameBase]+0x3e0): undefined reference to `wxWindowBase::GetHelpTextAtPoint(wxPoint const&, wxHelpEvent::Origin) const'
main.o:main.cpp:(.rdata$_ZTV20wxMDIParentFrameBase[_ZTV20wxMDIParentFrameBase]+0x3e8): undefined reference to `wxWindow::SetDropTarget(wxDropTarget*)'
main.o:main.cpp:(.rdata$_ZTV20wxMDIParentFrameBase[_ZTV20wxMDIParentFrameBase]+0x3f8): undefined reference to `wxWindow::DragAcceptFiles(bool)'
main.o:main.cpp:(.rdata$_ZTV20wxMDIParentFrameBase[_ZTV20wxMDIParentFrameBase]+0x400): undefined reference to `wxWindowBase::SetConstraintSizes(bool)'
main.o:main.cpp:(.rdata$_ZTV20wxMDIParentFrameBase[_ZTV20wxMDIParentFrameBase]+0x408): undefined reference to `wxWindowBase::LayoutPhase1(int*)'
main.o:main.cpp:(.rdata$_ZTV20wxMDIParentFrameBase[_ZTV20wxMDIParentFrameBase]+0x410): undefined reference to `wxWindowBase::LayoutPhase2(int*)'
main.o:main.cpp:(.rdata$_ZTV20wxMDIParentFrameBase[_ZTV20wxMDIParentFrameBase]+0x418): undefined reference to `wxWindowBase::DoPhase(int)'
main.o:main.cpp:(.rdata$_ZTV20wxMDIParentFrameBase[_ZTV20wxMDIParentFrameBase]+0x420): undefined reference to `wxWindowBase::SetSizeConstraint(int, int, int, int)'
main.o:main.cpp:(.rdata$_ZTV20wxMDIParentFrameBase[_ZTV20wxMDIParentFrameBase]+0x428): undefined reference to `wxWindowBase::MoveConstraint(int, int)'
main.o:main.cpp:(.rdata$_ZTV20wxMDIParentFrameBase[_ZTV20wxMDIParentFrameBase]+0x430): undefined reference to `wxWindowBase::GetSizeConstraint(int*, int*) const'
main.o:main.cpp:(.rdata$_ZTV20wxMDIParentFrameBase[_ZTV20wxMDIParentFrameBase]+0x438): undefined reference to `wxWindowBase::GetClientSizeConstraint(int*, int*) const'
main.o:main.cpp:(.rdata$_ZTV20wxMDIParentFrameBase[_ZTV20wxMDIParentFrameBase]+0x440): undefined reference to `wxWindowBase::GetPositionConstraint(int*, int*) const'
main.o:main.cpp:(.rdata$_ZTV20wxMDIParentFrameBase[_ZTV20wxMDIParentFrameBase]+0x448): undefined reference to `wxWindowBase::Layout()'
main.o:main.cpp:(.rdata$_ZTV20wxMDIParentFrameBase[_ZTV20wxMDIParentFrameBase]+0x450): undefined reference to `wxTopLevelWindowMSW::SetTransparent(unsigned char)'
main.o:main.cpp:(.rdata$_ZTV20wxMDIParentFrameBase[_ZTV20wxMDIParentFrameBase]+0x458): undefined reference to `wxTopLevelWindowMSW::CanSetTransparent()'
main.o:main.cpp:(.rdata$_ZTV20wxMDIParentFrameBase[_ZTV20wxMDIParentFrameBase]+0x460): undefined reference to `wxFrameBase::OnInternalIdle()'
main.o:main.cpp:(.rdata$_ZTV20wxMDIParentFrameBase[_ZTV20wxMDIParentFrameBase]+0x468): undefined reference to `wxWindowBase::SendIdleEvents(wxIdleEvent&)'
main.o:main.cpp:(.rdata$_ZTV20wxMDIParentFrameBase[_ZTV20wxMDIParentFrameBase]+0x478): undefined reference to `wxWindow::AssociateHandle(HWND__*)'
main.o:main.cpp:(.rdata$_ZTV20wxMDIParentFrameBase[_ZTV20wxMDIParentFrameBase]+0x480): undefined reference to `wxWindow::DissociateHandle()'
main.o:main.cpp:(.rdata$_ZTV20wxMDIParentFrameBase[_ZTV20wxMDIParentFrameBase]+0x4b0): undefined reference to `wxTopLevelWindowBase::IsTopNavigationDomain(wxWindowBase::NavigationKind) const'
main.o:main.cpp:(.rdata$_ZTV20wxMDIParentFrameBase[_ZTV20wxMDIParentFrameBase]+0x4b8): undefined reference to `wxWindowBase::DoMoveInTabOrder(wxWindow*, wxWindowBase::WindowOrder)'
main.o:main.cpp:(.rdata$_ZTV20wxMDIParentFrameBase[_ZTV20wxMDIParentFrameBase]+0x4c0): undefined reference to `wxWindowBase::DoNavigateIn(int)'
main.o:main.cpp:(.rdata$_ZTV20wxMDIParentFrameBase[_ZTV20wxMDIParentFrameBase]+0x4c8): undefined reference to `wxWindow::DoEnable(bool)'
main.o:main.cpp:(.rdata$_ZTV20wxMDIParentFrameBase[_ZTV20wxMDIParentFrameBase]+0x4d0): undefined reference to `wxWindow::GetDefaultBorder() const'
main.o:main.cpp:(.rdata$_ZTV20wxMDIParentFrameBase[_ZTV20wxMDIParentFrameBase]+0x4d8): undefined reference to `wxWindow::GetDefaultBorderForControl() const'
main.o:main.cpp:(.rdata$_ZTV20wxMDIParentFrameBase[_ZTV20wxMDIParentFrameBase]+0x4e8): undefined reference to `wxWindow::DoGetTextExtent(wxString const&, int*, int*, int*, int*, wxFont const*) const'
main.o:main.cpp:(.rdata$_ZTV20wxMDIParentFrameBase[_ZTV20wxMDIParentFrameBase]+0x4f0): undefined reference to `wxTopLevelWindowBase::DoClientToScreen(int*, int*) const'
main.o:main.cpp:(.rdata$_ZTV20wxMDIParentFrameBase[_ZTV20wxMDIParentFrameBase]+0x4f8): undefined reference to `wxTopLevelWindowBase::DoScreenToClient(int*, int*) const'
main.o:main.cpp:(.rdata$_ZTV20wxMDIParentFrameBase[_ZTV20wxMDIParentFrameBase]+0x500): undefined reference to `wxWindowBase::DoHitTest(int, int) const'
main.o:main.cpp:(.rdata$_ZTV20wxMDIParentFrameBase[_ZTV20wxMDIParentFrameBase]+0x508): undefined reference to `wxWindow::DoCaptureMouse()'
main.o:main.cpp:(.rdata$_ZTV20wxMDIParentFrameBase[_ZTV20wxMDIParentFrameBase]+0x510): undefined reference to `wxWindow::DoReleaseMouse()'
main.o:main.cpp:(.rdata$_ZTV20wxMDIParentFrameBase[_ZTV20wxMDIParentFrameBase]+0x518): undefined reference to `wxTopLevelWindowMSW::DoGetPosition(int*, int*) const'
main.o:main.cpp:(.rdata$_ZTV20wxMDIParentFrameBase[_ZTV20wxMDIParentFrameBase]+0x528): undefined reference to `wxTopLevelWindowMSW::DoGetSize(int*, int*) const'
main.o:main.cpp:(.rdata$_ZTV20wxMDIParentFrameBase[_ZTV20wxMDIParentFrameBase]+0x530): undefined reference to `wxFrame::DoGetClientSize(int*, int*) const'
main.o:main.cpp:(.rdata$_ZTV20wxMDIParentFrameBase[_ZTV20wxMDIParentFrameBase]+0x538): undefined reference to `wxWindowBase::DoGetBestSize() const'
main.o:main.cpp:(.rdata$_ZTV20wxMDIParentFrameBase[_ZTV20wxMDIParentFrameBase]+0x558): undefined reference to `wxWindow::DoSetSize(int, int, int, int, int)'
main.o:main.cpp:(.rdata$_ZTV20wxMDIParentFrameBase[_ZTV20wxMDIParentFrameBase]+0x560): undefined reference to `wxFrame::DoSetClientSize(int, int)'
main.o:main.cpp:(.rdata$_ZTV20wxMDIParentFrameBase[_ZTV20wxMDIParentFrameBase]+0x568): undefined reference to `wxWindowBase::DoSetSizeHints(int, int, int, int, int, int)'
main.o:main.cpp:(.rdata$_ZTV20wxMDIParentFrameBase[_ZTV20wxMDIParentFrameBase]+0x570): undefined reference to `wxWindow::DoGetBorderSize() const'
main.o:main.cpp:(.rdata$_ZTV20wxMDIParentFrameBase[_ZTV20wxMDIParentFrameBase]+0x578): undefined reference to `wxWindow::DoMoveWindow(int, int, int, int)'
main.o:main.cpp:(.rdata$_ZTV20wxMDIParentFrameBase[_ZTV20wxMDIParentFrameBase]+0x580): undefined reference to `wxTopLevelWindowBase::DoCentre(int)'
main.o:main.cpp:(.rdata$_ZTV20wxMDIParentFrameBase[_ZTV20wxMDIParentFrameBase]+0x588): undefined reference to `wxWindowBase::DoSetToolTipText(wxString const&)'
main.o:main.cpp:(.rdata$_ZTV20wxMDIParentFrameBase[_ZTV20wxMDIParentFrameBase]+0x590): undefined reference to `wxWindow::DoSetToolTip(wxToolTip*)'
main.o:main.cpp:(.rdata$_ZTV20wxMDIParentFrameBase[_ZTV20wxMDIParentFrameBase]+0x598): undefined reference to `wxWindow::DoPopupMenu(wxMenu*, int, int)'
main.o:main.cpp:(.rdata$_ZTV20wxMDIParentFrameBase[_ZTV20wxMDIParentFrameBase]+0x5a8): undefined reference to `wxWindowBase::DoSetWindowVariant(wxWindowVariant)'
main.o:main.cpp:(.rdata$_ZTV20wxMDIParentFrameBase[_ZTV20wxMDIParentFrameBase]+0x5b0): undefined reference to `wxTopLevelWindowMSW::DoFreeze()'
main.o:main.cpp:(.rdata$_ZTV20wxMDIParentFrameBase[_ZTV20wxMDIParentFrameBase]+0x5b8): undefined reference to `wxTopLevelWindowMSW::DoThaw()'
main.o:main.cpp:(.rdata$_ZTV20wxMDIParentFrameBase[_ZTV20wxMDIParentFrameBase]+0x5c0): undefined reference to `wxWindow::LoadNativeDialog(wxWindow*, int)'
main.o:main.cpp:(.rdata$_ZTV20wxMDIParentFrameBase[_ZTV20wxMDIParentFrameBase]+0x5c8): undefined reference to `wxWindow::LoadNativeDialog(wxWindow*, wxString const&)'
main.o:main.cpp:(.rdata$_ZTV20wxMDIParentFrameBase[_ZTV20wxMDIParentFrameBase]+0x5e0): undefined reference to `wxTopLevelWindowMSW::MSWGetStyle(long, unsigned long*) const'
main.o:main.cpp:(.rdata$_ZTV20wxMDIParentFrameBase[_ZTV20wxMDIParentFrameBase]+0x5e8): undefined reference to `wxTopLevelWindowMSW::MSWGetParent() const'
main.o:main.cpp:(.rdata$_ZTV20wxMDIParentFrameBase[_ZTV20wxMDIParentFrameBase]+0x5f0): undefined reference to `wxWindow::MSWCommand(unsigned int, unsigned short)'
main.o:main.cpp:(.rdata$_ZTV20wxMDIParentFrameBase[_ZTV20wxMDIParentFrameBase]+0x5f8): undefined reference to `wxWindow::CreateWindowFromHWND(wxWindow*, HWND__*)'
main.o:main.cpp:(.rdata$_ZTV20wxMDIParentFrameBase[_ZTV20wxMDIParentFrameBase]+0x600): undefined reference to `wxWindow::AdoptAttributesFromHWND()'
main.o:main.cpp:(.rdata$_ZTV20wxMDIParentFrameBase[_ZTV20wxMDIParentFrameBase]+0x608): undefined reference to `wxWindow::SetupColours()'
main.o:main.cpp:(.rdata$_ZTV20wxMDIParentFrameBase[_ZTV20wxMDIParentFrameBase]+0x610): undefined reference to `wxWindow::MSWOnScroll(int, unsigned short, unsigned short, HWND__*)'
main.o:main.cpp:(.rdata$_ZTV20wxMDIParentFrameBase[_ZTV20wxMDIParentFrameBase]+0x618): undefined reference to `wxWindow::MSWOnNotify(int, long long, long long*)'
main.o:main.cpp:(.rdata$_ZTV20wxMDIParentFrameBase[_ZTV20wxMDIParentFrameBase]+0x620): undefined reference to `wxWindow::MSWOnDrawItem(int, void**)'
main.o:main.cpp:(.rdata$_ZTV20wxMDIParentFrameBase[_ZTV20wxMDIParentFrameBase]+0x628): undefined reference to `wxWindow::MSWOnMeasureItem(int, void**)'
main.o:main.cpp:(.rdata$_ZTV20wxMDIParentFrameBase[_ZTV20wxMDIParentFrameBase]+0x630): undefined reference to `wxWindow::HandleSettingChange(unsigned long long, long long)'
main.o:main.cpp:(.rdata$_ZTV20wxMDIParentFrameBase[_ZTV20wxMDIParentFrameBase]+0x638): undefined reference to `wxWindow::MSWHandleMessage(long long*, unsigned int, unsigned long long, long long)'
main.o:main.cpp:(.rdata$_ZTV20wxMDIParentFrameBase[_ZTV20wxMDIParentFrameBase]+0x640): undefined reference to `wxFrame::MSWWindowProc(unsigned int, unsigned long long, long long)'
main.o:main.cpp:(.rdata$_ZTV20wxMDIParentFrameBase[_ZTV20wxMDIParentFrameBase]+0x648): undefined reference to `wxWindow::MSWDefWindowProc(unsigned int, unsigned long long, long long)'
main.o:main.cpp:(.rdata$_ZTV20wxMDIParentFrameBase[_ZTV20wxMDIParentFrameBase]+0x650): undefined reference to `wxWindow::MSWShouldPreProcessMessage(tagMSG*)'
main.o:main.cpp:(.rdata$_ZTV20wxMDIParentFrameBase[_ZTV20wxMDIParentFrameBase]+0x658): undefined reference to `wxWindow::MSWProcessMessage(tagMSG*)'
main.o:main.cpp:(.rdata$_ZTV20wxMDIParentFrameBase[_ZTV20wxMDIParentFrameBase]+0x668): undefined reference to `wxWindow::MSWDestroyWindow()'
main.o:main.cpp:(.rdata$_ZTV20wxMDIParentFrameBase[_ZTV20wxMDIParentFrameBase]+0x680): undefined reference to `wxWindow::MSWGetBgBrushForChild(HDC__*, wxWindow*)'
main.o:main.cpp:(.rdata$_ZTV20wxMDIParentFrameBase[_ZTV20wxMDIParentFrameBase]+0x6a8): undefined reference to `wxFrame::HandleMenuSelect(unsigned short, unsigned short, HMENU__*)'
main.o:main.cpp:(.rdata$_ZTV20wxMDIParentFrameBase[_ZTV20wxMDIParentFrameBase]+0x6b0): undefined reference to `wxFrame::DoSendMenuOpenCloseEvent(int, wxMenu*)'
main.o:main.cpp:(.rdata$_ZTV20wxMDIParentFrameBase[_ZTV20wxMDIParentFrameBase]+0x6b8): undefined reference to `wxFrame::MSWFindMenuFromHMENU(HMENU__*)'
main.o:main.cpp:(.rdata$_ZTV20wxMDIParentFrameBase[_ZTV20wxMDIParentFrameBase]+0x6c0): undefined reference to `wxWindow::TranslateBorder(wxBorder) const'
main.o:main.cpp:(.rdata$_ZTV20wxMDIParentFrameBase[_ZTV20wxMDIParentFrameBase]+0x6c8): undefined reference to `wxTopLevelWindowMSW::MSWGetCreateWindowCoords(wxPoint const&, wxSize const&, int&, int&, int&, int&) const'
main.o:main.cpp:(.rdata$_ZTV20wxMDIParentFrameBase[_ZTV20wxMDIParentFrameBase]+0x6e0): undefined reference to `wxNonOwnedWindow::DoClearShape()'
main.o:main.cpp:(.rdata$_ZTV20wxMDIParentFrameBase[_ZTV20wxMDIParentFrameBase]+0x6e8): undefined reference to `wxNonOwnedWindow::DoSetRegionShape(wxRegion const&)'
main.o:main.cpp:(.rdata$_ZTV20wxMDIParentFrameBase[_ZTV20wxMDIParentFrameBase]+0x6f0): undefined reference to `wxTopLevelWindowMSW::Maximize(bool)'
main.o:main.cpp:(.rdata$_ZTV20wxMDIParentFrameBase[_ZTV20wxMDIParentFrameBase]+0x6f8): undefined reference to `wxTopLevelWindowMSW::Restore()'
main.o:main.cpp:(.rdata$_ZTV20wxMDIParentFrameBase[_ZTV20wxMDIParentFrameBase]+0x700): undefined reference to `wxTopLevelWindowMSW::Iconize(bool)'
main.o:main.cpp:(.rdata$_ZTV20wxMDIParentFrameBase[_ZTV20wxMDIParentFrameBase]+0x708): undefined reference to `wxTopLevelWindowMSW::IsMaximized() const'
main.o:main.cpp:(.rdata$_ZTV20wxMDIParentFrameBase[_ZTV20wxMDIParentFrameBase]+0x710): undefined reference to `wxTopLevelWindowBase::IsAlwaysMaximized() const'
main.o:main.cpp:(.rdata$_ZTV20wxMDIParentFrameBase[_ZTV20wxMDIParentFrameBase]+0x718): undefined reference to `wxTopLevelWindowMSW::IsIconized() const'
main.o:main.cpp:(.rdata$_ZTV20wxMDIParentFrameBase[_ZTV20wxMDIParentFrameBase]+0x720): undefined reference to `wxTopLevelWindowMSW::SetIcons(wxIconBundle const&)'
main.o:main.cpp:(.rdata$_ZTV20wxMDIParentFrameBase[_ZTV20wxMDIParentFrameBase]+0x730): undefined reference to `wxFrame::ShowFullScreen(bool, long)'
main.o:main.cpp:(.rdata$_ZTV20wxMDIParentFrameBase[_ZTV20wxMDIParentFrameBase]+0x738): undefined reference to `wxTopLevelWindowMSW::ShowWithoutActivating()'
main.o:main.cpp:(.rdata$_ZTV20wxMDIParentFrameBase[_ZTV20wxMDIParentFrameBase]+0x748): undefined reference to `wxTopLevelWindowMSW::SetTitle(wxString const&)'
main.o:main.cpp:(.rdata$_ZTV20wxMDIParentFrameBase[_ZTV20wxMDIParentFrameBase]+0x750): undefined reference to `wxTopLevelWindowMSW::GetTitle() const'
main.o:main.cpp:(.rdata$_ZTV20wxMDIParentFrameBase[_ZTV20wxMDIParentFrameBase]+0x758): undefined reference to `wxTopLevelWindowMSW::EnableCloseButton(bool)'
main.o:main.cpp:(.rdata$_ZTV20wxMDIParentFrameBase[_ZTV20wxMDIParentFrameBase]+0x760): undefined reference to `wxTopLevelWindowMSW::EnableMaximizeButton(bool)'
main.o:main.cpp:(.rdata$_ZTV20wxMDIParentFrameBase[_ZTV20wxMDIParentFrameBase]+0x768): undefined reference to `wxTopLevelWindowMSW::EnableMinimizeButton(bool)'
main.o:main.cpp:(.rdata$_ZTV20wxMDIParentFrameBase[_ZTV20wxMDIParentFrameBase]+0x770): undefined reference to `wxTopLevelWindowMSW::RequestUserAttention(int)'
main.o:main.cpp:(.rdata$_ZTV20wxMDIParentFrameBase[_ZTV20wxMDIParentFrameBase]+0x790): undefined reference to `wxTopLevelWindowBase::GetRectForTopLevelChildren(int*, int*, int*, int*)'
main.o:main.cpp:(.rdata$_ZTV20wxMDIParentFrameBase[_ZTV20wxMDIParentFrameBase]+0x7b0): undefined reference to `wxFrameBase::IsOneOfBars(wxWindow const*) const'
main.o:main.cpp:(.rdata$_ZTV20wxMDIParentFrameBase[_ZTV20wxMDIParentFrameBase]+0x7b8): undefined reference to `wxFrameBase::SetMenuBar(wxMenuBar*)'
main.o:main.cpp:(.rdata$_ZTV20wxMDIParentFrameBase[_ZTV20wxMDIParentFrameBase]+0x7c8): undefined reference to `wxFrameBase::FindItemInMenuBar(int) const'
main.o:main.cpp:(.rdata$_ZTV20wxMDIParentFrameBase[_ZTV20wxMDIParentFrameBase]+0x7d0): undefined reference to `wxFrameBase::CreateStatusBar(int, long, int, wxString const&)'
main.o:main.cpp:(.rdata$_ZTV20wxMDIParentFrameBase[_ZTV20wxMDIParentFrameBase]+0x7d8): undefined reference to `wxFrame::OnCreateStatusBar(int, long, int, wxString const&)'
main.o:main.cpp:(.rdata$_ZTV20wxMDIParentFrameBase[_ZTV20wxMDIParentFrameBase]+0x7e8): undefined reference to `wxFrameBase::SetStatusBar(wxStatusBar*)'
main.o:main.cpp:(.rdata$_ZTV20wxMDIParentFrameBase[_ZTV20wxMDIParentFrameBase]+0x7f0): undefined reference to `wxFrameBase::SetStatusText(wxString const&, int)'
main.o:main.cpp:(.rdata$_ZTV20wxMDIParentFrameBase[_ZTV20wxMDIParentFrameBase]+0x7f8): undefined reference to `wxFrameBase::SetStatusWidths(int, int const*)'
main.o:main.cpp:(.rdata$_ZTV20wxMDIParentFrameBase[_ZTV20wxMDIParentFrameBase]+0x800): undefined reference to `wxFrame::CreateToolBar(long, int, wxString const&)'
main.o:main.cpp:(.rdata$_ZTV20wxMDIParentFrameBase[_ZTV20wxMDIParentFrameBase]+0x808): undefined reference to `wxFrameBase::OnCreateToolBar(long, int, wxString const&)'
main.o:main.cpp:(.rdata$_ZTV20wxMDIParentFrameBase[_ZTV20wxMDIParentFrameBase]+0x818): undefined reference to `wxFrameBase::SetToolBar(wxToolBar*)'
main.o:main.cpp:(.rdata$_ZTV20wxMDIParentFrameBase[_ZTV20wxMDIParentFrameBase]+0x820): undefined reference to `wxFrameBase::DoMenuUpdates(wxMenu*)'
main.o:main.cpp:(.rdata$_ZTV20wxMDIParentFrameBase[_ZTV20wxMDIParentFrameBase]+0x828): undefined reference to `wxFrameBase::DoGiveHelp(wxString const&, bool)'
main.o:main.cpp:(.rdata$_ZTV20wxMDIParentFrameBase[_ZTV20wxMDIParentFrameBase]+0x838): undefined reference to `wxFrameBase::DetachMenuBar()'
main.o:main.cpp:(.rdata$_ZTV20wxMDIParentFrameBase[_ZTV20wxMDIParentFrameBase]+0x840): undefined reference to `wxFrame::AttachMenuBar(wxMenuBar*)'
main.o:main.cpp:(.rdata$_ZTV20wxMDIParentFrameBase[_ZTV20wxMDIParentFrameBase]+0x848): undefined reference to `wxFrame::PositionStatusBar()'
main.o:main.cpp:(.rdata$_ZTV20wxMDIParentFrameBase[_ZTV20wxMDIParentFrameBase]+0x850): undefined reference to `wxFrame::PositionToolBar()'
main.o:main.cpp:(.rdata$_ZTV20wxMDIParentFrameBase[_ZTV20wxMDIParentFrameBase]+0x860): undefined reference to `wxFrame::InternalSetMenuBar()'
main.o:main.cpp:(.rdata$_ZTV20wxMDIParentFrameBase[_ZTV20wxMDIParentFrameBase]+0x870): undefined reference to `wxFrame::GetDefaultIcon() const'
main.o:main.cpp:(.rdata$_ZTV21wxMDIClientWindowBase[_ZTV21wxMDIClientWindowBase]+0x10): undefined reference to `wxWindow::GetClassInfo() const'
main.o:main.cpp:(.rdata$_ZTV21wxMDIClientWindowBase[_ZTV21wxMDIClientWindowBase]+0x28): undefined reference to `wxObject::CreateRefData() const'
main.o:main.cpp:(.rdata$_ZTV21wxMDIClientWindowBase[_ZTV21wxMDIClientWindowBase]+0x30): undefined reference to `wxObject::CloneRefData(wxRefCounter const*) const'
main.o:main.cpp:(.rdata$_ZTV21wxMDIClientWindowBase[_ZTV21wxMDIClientWindowBase]+0x38): undefined reference to `wxWindowBase::SetNextHandler(wxEvtHandler*)'
main.o:main.cpp:(.rdata$_ZTV21wxMDIClientWindowBase[_ZTV21wxMDIClientWindowBase]+0x40): undefined reference to `wxWindowBase::SetPreviousHandler(wxEvtHandler*)'
main.o:main.cpp:(.rdata$_ZTV21wxMDIClientWindowBase[_ZTV21wxMDIClientWindowBase]+0x48): undefined reference to `wxEvtHandler::ProcessEvent(wxEvent&)'
main.o:main.cpp:(.rdata$_ZTV21wxMDIClientWindowBase[_ZTV21wxMDIClientWindowBase]+0x50): undefined reference to `wxEvtHandler::QueueEvent(wxEvent*)'
main.o:main.cpp:(.rdata$_ZTV21wxMDIClientWindowBase[_ZTV21wxMDIClientWindowBase]+0x60): undefined reference to `wxEvtHandler::SearchEventTable(wxEventTable&, wxEvent&)'
main.o:main.cpp:(.rdata$_ZTV21wxMDIClientWindowBase[_ZTV21wxMDIClientWindowBase]+0x68): undefined reference to `wxWindowBase::TryBefore(wxEvent&)'
main.o:main.cpp:(.rdata$_ZTV21wxMDIClientWindowBase[_ZTV21wxMDIClientWindowBase]+0x70): undefined reference to `wxWindowBase::TryAfter(wxEvent&)'
main.o:main.cpp:(.rdata$_ZTV21wxMDIClientWindowBase[_ZTV21wxMDIClientWindowBase]+0x80): undefined reference to `wxWindow::GetEventTable() const'
main.o:main.cpp:(.rdata$_ZTV21wxMDIClientWindowBase[_ZTV21wxMDIClientWindowBase]+0x88): undefined reference to `wxWindow::GetEventHashTable() const'
main.o:main.cpp:(.rdata$_ZTV21wxMDIClientWindowBase[_ZTV21wxMDIClientWindowBase]+0x90): undefined reference to `wxEvtHandler::DoSetClientObject(wxClientData*)'
main.o:main.cpp:(.rdata$_ZTV21wxMDIClientWindowBase[_ZTV21wxMDIClientWindowBase]+0x98): undefined reference to `wxEvtHandler::DoGetClientObject() const'
main.o:main.cpp:(.rdata$_ZTV21wxMDIClientWindowBase[_ZTV21wxMDIClientWindowBase]+0xa0): undefined reference to `wxEvtHandler::DoSetClientData(void*)'
main.o:main.cpp:(.rdata$_ZTV21wxMDIClientWindowBase[_ZTV21wxMDIClientWindowBase]+0xa8): undefined reference to `wxEvtHandler::DoGetClientData() const'
main.o:main.cpp:(.rdata$_ZTV21wxMDIClientWindowBase[_ZTV21wxMDIClientWindowBase]+0xb0): undefined reference to `wxWindowBase::Destroy()'
main.o:main.cpp:(.rdata$_ZTV21wxMDIClientWindowBase[_ZTV21wxMDIClientWindowBase]+0xb8): undefined reference to `wxWindow::SetLabel(wxString const&)'
main.o:main.cpp:(.rdata$_ZTV21wxMDIClientWindowBase[_ZTV21wxMDIClientWindowBase]+0xc0): undefined reference to `wxWindow::GetLabel() const'
main.o:main.cpp:(.rdata$_ZTV21wxMDIClientWindowBase[_ZTV21wxMDIClientWindowBase]+0xd8): undefined reference to `wxWindow::GetLayoutDirection() const'
main.o:main.cpp:(.rdata$_ZTV21wxMDIClientWindowBase[_ZTV21wxMDIClientWindowBase]+0xe0): undefined reference to `wxWindow::SetLayoutDirection(wxLayoutDirection)'
main.o:main.cpp:(.rdata$_ZTV21wxMDIClientWindowBase[_ZTV21wxMDIClientWindowBase]+0xe8): undefined reference to `wxWindow::AdjustForLayoutDirection(int, int, int) const'
main.o:main.cpp:(.rdata$_ZTV21wxMDIClientWindowBase[_ZTV21wxMDIClientWindowBase]+0xf0): undefined reference to `wxWindow::SetId(int)'
main.o:main.cpp:(.rdata$_ZTV21wxMDIClientWindowBase[_ZTV21wxMDIClientWindowBase]+0xf8): undefined reference to `wxWindow::Raise()'
main.o:main.cpp:(.rdata$_ZTV21wxMDIClientWindowBase[_ZTV21wxMDIClientWindowBase]+0x100): undefined reference to `wxWindow::Lower()'
main.o:main.cpp:(.rdata$_ZTV21wxMDIClientWindowBase[_ZTV21wxMDIClientWindowBase]+0x108): undefined reference to `wxWindowBase::GetClientAreaOrigin() const'
main.o:main.cpp:(.rdata$_ZTV21wxMDIClientWindowBase[_ZTV21wxMDIClientWindowBase]+0x110): undefined reference to `wxWindowBase::ClientToWindowSize(wxSize const&) const'
main.o:main.cpp:(.rdata$_ZTV21wxMDIClientWindowBase[_ZTV21wxMDIClientWindowBase]+0x118): undefined reference to `wxWindowBase::WindowToClientSize(wxSize const&) const'
main.o:main.cpp:(.rdata$_ZTV21wxMDIClientWindowBase[_ZTV21wxMDIClientWindowBase]+0x120): undefined reference to `wxWindowBase::GetEffectiveMinSize() const'
main.o:main.cpp:(.rdata$_ZTV21wxMDIClientWindowBase[_ZTV21wxMDIClientWindowBase]+0x128): undefined reference to `wxWindowBase::Fit()'
main.o:main.cpp:(.rdata$_ZTV21wxMDIClientWindowBase[_ZTV21wxMDIClientWindowBase]+0x130): undefined reference to `wxWindowBase::FitInside()'
main.o:main.cpp:(.rdata$_ZTV21wxMDIClientWindowBase[_ZTV21wxMDIClientWindowBase]+0x140): undefined reference to `wxWindowBase::SetMinSize(wxSize const&)'
main.o:main.cpp:(.rdata$_ZTV21wxMDIClientWindowBase[_ZTV21wxMDIClientWindowBase]+0x148): undefined reference to `wxWindowBase::SetMaxSize(wxSize const&)'
main.o:main.cpp:(.rdata$_ZTV21wxMDIClientWindowBase[_ZTV21wxMDIClientWindowBase]+0x180): undefined reference to `wxWindowBase::DoSetVirtualSize(int, int)'
main.o:main.cpp:(.rdata$_ZTV21wxMDIClientWindowBase[_ZTV21wxMDIClientWindowBase]+0x188): undefined reference to `wxWindowBase::DoGetVirtualSize() const'
main.o:main.cpp:(.rdata$_ZTV21wxMDIClientWindowBase[_ZTV21wxMDIClientWindowBase]+0x198): undefined reference to `wxWindowBase::GetContentScaleFactor() const'
main.o:main.cpp:(.rdata$_ZTV21wxMDIClientWindowBase[_ZTV21wxMDIClientWindowBase]+0x1a0): undefined reference to `wxWindowBase::GetWindowBorderSize() const'
main.o:main.cpp:(.rdata$_ZTV21wxMDIClientWindowBase[_ZTV21wxMDIClientWindowBase]+0x1a8): undefined reference to `wxWindowBase::InformFirstDirection(int, int, int)'
main.o:main.cpp:(.rdata$_ZTV21wxMDIClientWindowBase[_ZTV21wxMDIClientWindowBase]+0x1b0): undefined reference to `wxWindowBase::SendSizeEvent(int)'
main.o:main.cpp:(.rdata$_ZTV21wxMDIClientWindowBase[_ZTV21wxMDIClientWindowBase]+0x1b8): undefined reference to `wxWindow::BeginRepositioningChildren()'
main.o:main.cpp:(.rdata$_ZTV21wxMDIClientWindowBase[_ZTV21wxMDIClientWindowBase]+0x1c0): undefined reference to `wxWindow::EndRepositioningChildren()'
main.o:main.cpp:(.rdata$_ZTV21wxMDIClientWindowBase[_ZTV21wxMDIClientWindowBase]+0x1c8): undefined reference to `wxWindow::Show(bool)'
main.o:main.cpp:(.rdata$_ZTV21wxMDIClientWindowBase[_ZTV21wxMDIClientWindowBase]+0x1e0): undefined reference to `wxWindowBase::Enable(bool)'
main.o:main.cpp:(.rdata$_ZTV21wxMDIClientWindowBase[_ZTV21wxMDIClientWindowBase]+0x1f0): undefined reference to `wxWindowBase::IsShownOnScreen() const'
main.o:main.cpp:(.rdata$_ZTV21wxMDIClientWindowBase[_ZTV21wxMDIClientWindowBase]+0x1f8): undefined reference to `wxWindow::SetWindowStyleFlag(long)'
main.o:main.cpp:(.rdata$_ZTV21wxMDIClientWindowBase[_ZTV21wxMDIClientWindowBase]+0x210): undefined reference to `wxWindow::SetExtraStyle(long)'
main.o:main.cpp:(.rdata$_ZTV21wxMDIClientWindowBase[_ZTV21wxMDIClientWindowBase]+0x228): undefined reference to `wxWindow::SetFocus()'
main.o:main.cpp:(.rdata$_ZTV21wxMDIClientWindowBase[_ZTV21wxMDIClientWindowBase]+0x230): undefined reference to `wxWindow::SetFocusFromKbd()'
main.o:main.cpp:(.rdata$_ZTV21wxMDIClientWindowBase[_ZTV21wxMDIClientWindowBase]+0x238): undefined reference to `wxWindowBase::HasFocus() const'
main.o:main.cpp:(.rdata$_ZTV21wxMDIClientWindowBase[_ZTV21wxMDIClientWindowBase]+0x268): undefined reference to `wxWindowBase::IsTopLevel() const'
main.o:main.cpp:(.rdata$_ZTV21wxMDIClientWindowBase[_ZTV21wxMDIClientWindowBase]+0x270): undefined reference to `wxWindow::Reparent(wxWindowBase*)'
main.o:main.cpp:(.rdata$_ZTV21wxMDIClientWindowBase[_ZTV21wxMDIClientWindowBase]+0x278): undefined reference to `wxWindowBase::AddChild(wxWindowBase*)'
main.o:main.cpp:(.rdata$_ZTV21wxMDIClientWindowBase[_ZTV21wxMDIClientWindowBase]+0x280): undefined reference to `wxWindowBase::RemoveChild(wxWindowBase*)'
main.o:main.cpp:(.rdata$_ZTV21wxMDIClientWindowBase[_ZTV21wxMDIClientWindowBase]+0x290): undefined reference to `wxWindowBase::SetValidator(wxValidator const&)'
main.o:main.cpp:(.rdata$_ZTV21wxMDIClientWindowBase[_ZTV21wxMDIClientWindowBase]+0x2a0): undefined reference to `wxWindowBase::Validate()'
main.o:main.cpp:(.rdata$_ZTV21wxMDIClientWindowBase[_ZTV21wxMDIClientWindowBase]+0x2a8): undefined reference to `wxWindowBase::TransferDataToWindow()'
main.o:main.cpp:(.rdata$_ZTV21wxMDIClientWindowBase[_ZTV21wxMDIClientWindowBase]+0x2b0): undefined reference to `wxWindowBase::TransferDataFromWindow()'
main.o:main.cpp:(.rdata$_ZTV21wxMDIClientWindowBase[_ZTV21wxMDIClientWindowBase]+0x2b8): undefined reference to `wxWindowBase::InitDialog()'
main.o:main.cpp:(.rdata$_ZTV21wxMDIClientWindowBase[_ZTV21wxMDIClientWindowBase]+0x2c8): undefined reference to `wxWindow::RegisterHotKey(int, int, int)'
main.o:main.cpp:(.rdata$_ZTV21wxMDIClientWindowBase[_ZTV21wxMDIClientWindowBase]+0x2d0): undefined reference to `wxWindow::UnregisterHotKey(int)'
main.o:main.cpp:(.rdata$_ZTV21wxMDIClientWindowBase[_ZTV21wxMDIClientWindowBase]+0x2d8): undefined reference to `wxWindow::WarpPointer(int, int)'
main.o:main.cpp:(.rdata$_ZTV21wxMDIClientWindowBase[_ZTV21wxMDIClientWindowBase]+0x2e8): undefined reference to `wxWindow::Refresh(bool, wxRect const*)'
main.o:main.cpp:(.rdata$_ZTV21wxMDIClientWindowBase[_ZTV21wxMDIClientWindowBase]+0x2f0): undefined reference to `wxWindow::Update()'
main.o:main.cpp:(.rdata$_ZTV21wxMDIClientWindowBase[_ZTV21wxMDIClientWindowBase]+0x2f8): undefined reference to `wxWindowBase::ClearBackground()'
main.o:main.cpp:(.rdata$_ZTV21wxMDIClientWindowBase[_ZTV21wxMDIClientWindowBase]+0x308): undefined reference to `wxWindow::IsDoubleBuffered() const'
main.o:main.cpp:(.rdata$_ZTV21wxMDIClientWindowBase[_ZTV21wxMDIClientWindowBase]+0x310): undefined reference to `wxWindowBase::DoIsExposed(int, int) const'
main.o:main.cpp:(.rdata$_ZTV21wxMDIClientWindowBase[_ZTV21wxMDIClientWindowBase]+0x318): undefined reference to `wxWindowBase::DoIsExposed(int, int, int, int) const'
main.o:main.cpp:(.rdata$_ZTV21wxMDIClientWindowBase[_ZTV21wxMDIClientWindowBase]+0x328): undefined reference to `wxWindowBase::SetBackgroundColour(wxColour const&)'
main.o:main.cpp:(.rdata$_ZTV21wxMDIClientWindowBase[_ZTV21wxMDIClientWindowBase]+0x330): undefined reference to `wxWindowBase::SetForegroundColour(wxColour const&)'
main.o:main.cpp:(.rdata$_ZTV21wxMDIClientWindowBase[_ZTV21wxMDIClientWindowBase]+0x338): undefined reference to `wxWindowBase::SetBackgroundStyle(wxBackgroundStyle)'
main.o:main.cpp:(.rdata$_ZTV21wxMDIClientWindowBase[_ZTV21wxMDIClientWindowBase]+0x348): undefined reference to `wxWindowBase::IsTransparentBackgroundSupported(wxString*) const'
main.o:main.cpp:(.rdata$_ZTV21wxMDIClientWindowBase[_ZTV21wxMDIClientWindowBase]+0x350): undefined reference to `wxWindow::SetFont(wxFont const&)'
main.o:main.cpp:(.rdata$_ZTV21wxMDIClientWindowBase[_ZTV21wxMDIClientWindowBase]+0x358): undefined reference to `wxWindow::SetCursor(wxCursor const&)'
main.o:main.cpp:(.rdata$_ZTV21wxMDIClientWindowBase[_ZTV21wxMDIClientWindowBase]+0x360): undefined reference to `wxWindow::GetCharHeight() const'
main.o:main.cpp:(.rdata$_ZTV21wxMDIClientWindowBase[_ZTV21wxMDIClientWindowBase]+0x368): undefined reference to `wxWindow::GetCharWidth() const'
main.o:main.cpp:(.rdata$_ZTV21wxMDIClientWindowBase[_ZTV21wxMDIClientWindowBase]+0x370): undefined reference to `wxWindowBase::UpdateWindowUI(long)'
main.o:main.cpp:(.rdata$_ZTV21wxMDIClientWindowBase[_ZTV21wxMDIClientWindowBase]+0x378): undefined reference to `wxWindowBase::DoUpdateWindowUI(wxUpdateUIEvent&)'
main.o:main.cpp:(.rdata$_ZTV21wxMDIClientWindowBase[_ZTV21wxMDIClientWindowBase]+0x388): undefined reference to `wxWindowBase::CanScroll(int) const'
main.o:main.cpp:(.rdata$_ZTV21wxMDIClientWindowBase[_ZTV21wxMDIClientWindowBase]+0x390): undefined reference to `wxWindow::SetScrollbar(int, int, int, int, bool)'
main.o:main.cpp:(.rdata$_ZTV21wxMDIClientWindowBase[_ZTV21wxMDIClientWindowBase]+0x398): undefined reference to `wxWindow::SetScrollPos(int, int, bool)'
main.o:main.cpp:(.rdata$_ZTV21wxMDIClientWindowBase[_ZTV21wxMDIClientWindowBase]+0x3a0): undefined reference to `wxWindow::GetScrollPos(int) const'
main.o:main.cpp:(.rdata$_ZTV21wxMDIClientWindowBase[_ZTV21wxMDIClientWindowBase]+0x3a8): undefined reference to `wxWindow::GetScrollThumb(int) const'
main.o:main.cpp:(.rdata$_ZTV21wxMDIClientWindowBase[_ZTV21wxMDIClientWindowBase]+0x3b0): undefined reference to `wxWindow::GetScrollRange(int) const'
main.o:main.cpp:(.rdata$_ZTV21wxMDIClientWindowBase[_ZTV21wxMDIClientWindowBase]+0x3b8): undefined reference to `wxWindow::ScrollWindow(int, int, wxRect const*)'
main.o:main.cpp:(.rdata$_ZTV21wxMDIClientWindowBase[_ZTV21wxMDIClientWindowBase]+0x3c0): undefined reference to `wxWindow::ScrollLines(int)'
main.o:main.cpp:(.rdata$_ZTV21wxMDIClientWindowBase[_ZTV21wxMDIClientWindowBase]+0x3c8): undefined reference to `wxWindow::ScrollPages(int)'
main.o:main.cpp:(.rdata$_ZTV21wxMDIClientWindowBase[_ZTV21wxMDIClientWindowBase]+0x3e0): undefined reference to `wxWindowBase::GetHelpTextAtPoint(wxPoint const&, wxHelpEvent::Origin) const'
main.o:main.cpp:(.rdata$_ZTV21wxMDIClientWindowBase[_ZTV21wxMDIClientWindowBase]+0x3e8): undefined reference to `wxWindow::SetDropTarget(wxDropTarget*)'
main.o:main.cpp:(.rdata$_ZTV21wxMDIClientWindowBase[_ZTV21wxMDIClientWindowBase]+0x3f8): undefined reference to `wxWindow::DragAcceptFiles(bool)'
main.o:main.cpp:(.rdata$_ZTV21wxMDIClientWindowBase[_ZTV21wxMDIClientWindowBase]+0x400): undefined reference to `wxWindowBase::SetConstraintSizes(bool)'
main.o:main.cpp:(.rdata$_ZTV21wxMDIClientWindowBase[_ZTV21wxMDIClientWindowBase]+0x408): undefined reference to `wxWindowBase::LayoutPhase1(int*)'
main.o:main.cpp:(.rdata$_ZTV21wxMDIClientWindowBase[_ZTV21wxMDIClientWindowBase]+0x410): undefined reference to `wxWindowBase::LayoutPhase2(int*)'
main.o:main.cpp:(.rdata$_ZTV21wxMDIClientWindowBase[_ZTV21wxMDIClientWindowBase]+0x418): undefined reference to `wxWindowBase::DoPhase(int)'
main.o:main.cpp:(.rdata$_ZTV21wxMDIClientWindowBase[_ZTV21wxMDIClientWindowBase]+0x420): undefined reference to `wxWindowBase::SetSizeConstraint(int, int, int, int)'
main.o:main.cpp:(.rdata$_ZTV21wxMDIClientWindowBase[_ZTV21wxMDIClientWindowBase]+0x428): undefined reference to `wxWindowBase::MoveConstraint(int, int)'
main.o:main.cpp:(.rdata$_ZTV21wxMDIClientWindowBase[_ZTV21wxMDIClientWindowBase]+0x430): undefined reference to `wxWindowBase::GetSizeConstraint(int*, int*) const'
main.o:main.cpp:(.rdata$_ZTV21wxMDIClientWindowBase[_ZTV21wxMDIClientWindowBase]+0x438): undefined reference to `wxWindowBase::GetClientSizeConstraint(int*, int*) const'
main.o:main.cpp:(.rdata$_ZTV21wxMDIClientWindowBase[_ZTV21wxMDIClientWindowBase]+0x440): undefined reference to `wxWindowBase::GetPositionConstraint(int*, int*) const'
main.o:main.cpp:(.rdata$_ZTV21wxMDIClientWindowBase[_ZTV21wxMDIClientWindowBase]+0x448): undefined reference to `wxWindowBase::Layout()'
main.o:main.cpp:(.rdata$_ZTV21wxMDIClientWindowBase[_ZTV21wxMDIClientWindowBase]+0x460): undefined reference to `wxWindow::OnInternalIdle()'
main.o:main.cpp:(.rdata$_ZTV21wxMDIClientWindowBase[_ZTV21wxMDIClientWindowBase]+0x468): undefined reference to `wxWindowBase::SendIdleEvents(wxIdleEvent&)'
main.o:main.cpp:(.rdata$_ZTV21wxMDIClientWindowBase[_ZTV21wxMDIClientWindowBase]+0x478): undefined reference to `wxWindow::AssociateHandle(HWND__*)'
main.o:main.cpp:(.rdata$_ZTV21wxMDIClientWindowBase[_ZTV21wxMDIClientWindowBase]+0x480): undefined reference to `wxWindow::DissociateHandle()'
main.o:main.cpp:(.rdata$_ZTV21wxMDIClientWindowBase[_ZTV21wxMDIClientWindowBase]+0x488): undefined reference to `wxWindowBase::InheritAttributes()'
main.o:main.cpp:(.rdata$_ZTV21wxMDIClientWindowBase[_ZTV21wxMDIClientWindowBase]+0x4b8): undefined reference to `wxWindowBase::DoMoveInTabOrder(wxWindow*, wxWindowBase::WindowOrder)'
main.o:main.cpp:(.rdata$_ZTV21wxMDIClientWindowBase[_ZTV21wxMDIClientWindowBase]+0x4c0): undefined reference to `wxWindowBase::DoNavigateIn(int)'
main.o:main.cpp:(.rdata$_ZTV21wxMDIClientWindowBase[_ZTV21wxMDIClientWindowBase]+0x4c8): undefined reference to `wxWindow::DoEnable(bool)'
main.o:main.cpp:(.rdata$_ZTV21wxMDIClientWindowBase[_ZTV21wxMDIClientWindowBase]+0x4d0): undefined reference to `wxWindow::GetDefaultBorder() const'
main.o:main.cpp:(.rdata$_ZTV21wxMDIClientWindowBase[_ZTV21wxMDIClientWindowBase]+0x4d8): undefined reference to `wxWindow::GetDefaultBorderForControl() const'
main.o:main.cpp:(.rdata$_ZTV21wxMDIClientWindowBase[_ZTV21wxMDIClientWindowBase]+0x4e8): undefined reference to `wxWindow::DoGetTextExtent(wxString const&, int*, int*, int*, int*, wxFont const*) const'
main.o:main.cpp:(.rdata$_ZTV21wxMDIClientWindowBase[_ZTV21wxMDIClientWindowBase]+0x4f0): undefined reference to `wxWindow::DoClientToScreen(int*, int*) const'
main.o:main.cpp:(.rdata$_ZTV21wxMDIClientWindowBase[_ZTV21wxMDIClientWindowBase]+0x4f8): undefined reference to `wxWindow::DoScreenToClient(int*, int*) const'
main.o:main.cpp:(.rdata$_ZTV21wxMDIClientWindowBase[_ZTV21wxMDIClientWindowBase]+0x500): undefined reference to `wxWindowBase::DoHitTest(int, int) const'
main.o:main.cpp:(.rdata$_ZTV21wxMDIClientWindowBase[_ZTV21wxMDIClientWindowBase]+0x508): undefined reference to `wxWindow::DoCaptureMouse()'
main.o:main.cpp:(.rdata$_ZTV21wxMDIClientWindowBase[_ZTV21wxMDIClientWindowBase]+0x510): undefined reference to `wxWindow::DoReleaseMouse()'
main.o:main.cpp:(.rdata$_ZTV21wxMDIClientWindowBase[_ZTV21wxMDIClientWindowBase]+0x518): undefined reference to `wxWindow::DoGetPosition(int*, int*) const'
main.o:main.cpp:(.rdata$_ZTV21wxMDIClientWindowBase[_ZTV21wxMDIClientWindowBase]+0x520): undefined reference to `wxWindowBase::DoGetScreenPosition(int*, int*) const'
main.o:main.cpp:(.rdata$_ZTV21wxMDIClientWindowBase[_ZTV21wxMDIClientWindowBase]+0x528): undefined reference to `wxWindow::DoGetSize(int*, int*) const'
main.o:main.cpp:(.rdata$_ZTV21wxMDIClientWindowBase[_ZTV21wxMDIClientWindowBase]+0x530): undefined reference to `wxWindow::DoGetClientSize(int*, int*) const'
main.o:main.cpp:(.rdata$_ZTV21wxMDIClientWindowBase[_ZTV21wxMDIClientWindowBase]+0x538): undefined reference to `wxWindowBase::DoGetBestSize() const'
main.o:main.cpp:(.rdata$_ZTV21wxMDIClientWindowBase[_ZTV21wxMDIClientWindowBase]+0x558): undefined reference to `wxWindow::DoSetSize(int, int, int, int, int)'
main.o:main.cpp:(.rdata$_ZTV21wxMDIClientWindowBase[_ZTV21wxMDIClientWindowBase]+0x560): undefined reference to `wxWindow::DoSetClientSize(int, int)'
main.o:main.cpp:(.rdata$_ZTV21wxMDIClientWindowBase[_ZTV21wxMDIClientWindowBase]+0x568): undefined reference to `wxWindowBase::DoSetSizeHints(int, int, int, int, int, int)'
main.o:main.cpp:(.rdata$_ZTV21wxMDIClientWindowBase[_ZTV21wxMDIClientWindowBase]+0x570): undefined reference to `wxWindow::DoGetBorderSize() const'
main.o:main.cpp:(.rdata$_ZTV21wxMDIClientWindowBase[_ZTV21wxMDIClientWindowBase]+0x578): undefined reference to `wxWindow::DoMoveWindow(int, int, int, int)'
main.o:main.cpp:(.rdata$_ZTV21wxMDIClientWindowBase[_ZTV21wxMDIClientWindowBase]+0x580): undefined reference to `wxWindowBase::DoCentre(int)'
main.o:main.cpp:(.rdata$_ZTV21wxMDIClientWindowBase[_ZTV21wxMDIClientWindowBase]+0x588): undefined reference to `wxWindowBase::DoSetToolTipText(wxString const&)'
main.o:main.cpp:(.rdata$_ZTV21wxMDIClientWindowBase[_ZTV21wxMDIClientWindowBase]+0x590): undefined reference to `wxWindow::DoSetToolTip(wxToolTip*)'
main.o:main.cpp:(.rdata$_ZTV21wxMDIClientWindowBase[_ZTV21wxMDIClientWindowBase]+0x598): undefined reference to `wxWindow::DoPopupMenu(wxMenu*, int, int)'
main.o:main.cpp:(.rdata$_ZTV21wxMDIClientWindowBase[_ZTV21wxMDIClientWindowBase]+0x5a0): undefined reference to `wxWindowBase::AdjustForParentClientOrigin(int&, int&, int) const'
main.o:main.cpp:(.rdata$_ZTV21wxMDIClientWindowBase[_ZTV21wxMDIClientWindowBase]+0x5a8): undefined reference to `wxWindowBase::DoSetWindowVariant(wxWindowVariant)'
main.o:main.cpp:(.rdata$_ZTV21wxMDIClientWindowBase[_ZTV21wxMDIClientWindowBase]+0x5b0): undefined reference to `wxWindow::DoFreeze()'
main.o:main.cpp:(.rdata$_ZTV21wxMDIClientWindowBase[_ZTV21wxMDIClientWindowBase]+0x5b8): undefined reference to `wxWindow::DoThaw()'
main.o:main.cpp:(.rdata$_ZTV21wxMDIClientWindowBase[_ZTV21wxMDIClientWindowBase]+0x5c0): undefined reference to `wxWindow::LoadNativeDialog(wxWindow*, int)'
main.o:main.cpp:(.rdata$_ZTV21wxMDIClientWindowBase[_ZTV21wxMDIClientWindowBase]+0x5c8): undefined reference to `wxWindow::LoadNativeDialog(wxWindow*, wxString const&)'
main.o:main.cpp:(.rdata$_ZTV21wxMDIClientWindowBase[_ZTV21wxMDIClientWindowBase]+0x5e0): undefined reference to `wxWindow::MSWGetStyle(long, unsigned long*) const'
main.o:main.cpp:(.rdata$_ZTV21wxMDIClientWindowBase[_ZTV21wxMDIClientWindowBase]+0x5e8): undefined reference to `wxWindow::MSWGetParent() const'
main.o:main.cpp:(.rdata$_ZTV21wxMDIClientWindowBase[_ZTV21wxMDIClientWindowBase]+0x5f0): undefined reference to `wxWindow::MSWCommand(unsigned int, unsigned short)'
main.o:main.cpp:(.rdata$_ZTV21wxMDIClientWindowBase[_ZTV21wxMDIClientWindowBase]+0x5f8): undefined reference to `wxWindow::CreateWindowFromHWND(wxWindow*, HWND__*)'
main.o:main.cpp:(.rdata$_ZTV21wxMDIClientWindowBase[_ZTV21wxMDIClientWindowBase]+0x600): undefined reference to `wxWindow::AdoptAttributesFromHWND()'
main.o:main.cpp:(.rdata$_ZTV21wxMDIClientWindowBase[_ZTV21wxMDIClientWindowBase]+0x608): undefined reference to `wxWindow::SetupColours()'
main.o:main.cpp:(.rdata$_ZTV21wxMDIClientWindowBase[_ZTV21wxMDIClientWindowBase]+0x610): undefined reference to `wxWindow::MSWOnScroll(int, unsigned short, unsigned short, HWND__*)'
main.o:main.cpp:(.rdata$_ZTV21wxMDIClientWindowBase[_ZTV21wxMDIClientWindowBase]+0x618): undefined reference to `wxWindow::MSWOnNotify(int, long long, long long*)'
main.o:main.cpp:(.rdata$_ZTV21wxMDIClientWindowBase[_ZTV21wxMDIClientWindowBase]+0x620): undefined reference to `wxWindow::MSWOnDrawItem(int, void**)'
main.o:main.cpp:(.rdata$_ZTV21wxMDIClientWindowBase[_ZTV21wxMDIClientWindowBase]+0x628): undefined reference to `wxWindow::MSWOnMeasureItem(int, void**)'
main.o:main.cpp:(.rdata$_ZTV21wxMDIClientWindowBase[_ZTV21wxMDIClientWindowBase]+0x630): undefined reference to `wxWindow::HandleSettingChange(unsigned long long, long long)'
main.o:main.cpp:(.rdata$_ZTV21wxMDIClientWindowBase[_ZTV21wxMDIClientWindowBase]+0x638): undefined reference to `wxWindow::MSWHandleMessage(long long*, unsigned int, unsigned long long, long long)'
main.o:main.cpp:(.rdata$_ZTV21wxMDIClientWindowBase[_ZTV21wxMDIClientWindowBase]+0x640): undefined reference to `wxWindow::MSWWindowProc(unsigned int, unsigned long long, long long)'
main.o:main.cpp:(.rdata$_ZTV21wxMDIClientWindowBase[_ZTV21wxMDIClientWindowBase]+0x648): undefined reference to `wxWindow::MSWDefWindowProc(unsigned int, unsigned long long, long long)'
main.o:main.cpp:(.rdata$_ZTV21wxMDIClientWindowBase[_ZTV21wxMDIClientWindowBase]+0x650): undefined reference to `wxWindow::MSWShouldPreProcessMessage(tagMSG*)'
main.o:main.cpp:(.rdata$_ZTV21wxMDIClientWindowBase[_ZTV21wxMDIClientWindowBase]+0x658): undefined reference to `wxWindow::MSWProcessMessage(tagMSG*)'
main.o:main.cpp:(.rdata$_ZTV21wxMDIClientWindowBase[_ZTV21wxMDIClientWindowBase]+0x660): undefined reference to `wxWindow::MSWTranslateMessage(tagMSG*)'
main.o:main.cpp:(.rdata$_ZTV21wxMDIClientWindowBase[_ZTV21wxMDIClientWindowBase]+0x668): undefined reference to `wxWindow::MSWDestroyWindow()'
main.o:main.cpp:(.rdata$_ZTV21wxMDIClientWindowBase[_ZTV21wxMDIClientWindowBase]+0x680): undefined reference to `wxWindow::MSWGetBgBrushForChild(HDC__*, wxWindow*)'
main.o:main.cpp:(.rdata$_ZTV21wxMDIClientWindowBase[_ZTV21wxMDIClientWindowBase]+0x6a8): undefined reference to `wxWindow::HandleMenuSelect(unsigned short, unsigned short, HMENU__*)'
main.o:main.cpp:(.rdata$_ZTV21wxMDIClientWindowBase[_ZTV21wxMDIClientWindowBase]+0x6b0): undefined reference to `wxWindow::DoSendMenuOpenCloseEvent(int, wxMenu*)'
main.o:main.cpp:(.rdata$_ZTV21wxMDIClientWindowBase[_ZTV21wxMDIClientWindowBase]+0x6b8): undefined reference to `wxWindow::MSWFindMenuFromHMENU(HMENU__*)'
main.o:main.cpp:(.rdata$_ZTV21wxMDIClientWindowBase[_ZTV21wxMDIClientWindowBase]+0x6c0): undefined reference to `wxWindow::TranslateBorder(wxBorder) const'
main.o:main.cpp:(.rdata$_ZTV21wxMDIClientWindowBase[_ZTV21wxMDIClientWindowBase]+0x6c8): undefined reference to `wxWindow::MSWGetCreateWindowCoords(wxPoint const&, wxSize const&, int&, int&, int&, int&) const'
main.o:main.cpp:(.rdata$_ZTV15wxAnyButtonBase[_ZTV15wxAnyButtonBase]+0x10): undefined reference to `wxControl::GetClassInfo() const'
main.o:main.cpp:(.rdata$_ZTV15wxAnyButtonBase[_ZTV15wxAnyButtonBase]+0x28): undefined reference to `wxObject::CreateRefData() const'
main.o:main.cpp:(.rdata$_ZTV15wxAnyButtonBase[_ZTV15wxAnyButtonBase]+0x30): undefined reference to `wxObject::CloneRefData(wxRefCounter const*) const'
main.o:main.cpp:(.rdata$_ZTV15wxAnyButtonBase[_ZTV15wxAnyButtonBase]+0x38): undefined reference to `wxWindowBase::SetNextHandler(wxEvtHandler*)'
main.o:main.cpp:(.rdata$_ZTV15wxAnyButtonBase[_ZTV15wxAnyButtonBase]+0x40): undefined reference to `wxWindowBase::SetPreviousHandler(wxEvtHandler*)'
main.o:main.cpp:(.rdata$_ZTV15wxAnyButtonBase[_ZTV15wxAnyButtonBase]+0x48): undefined reference to `wxEvtHandler::ProcessEvent(wxEvent&)'
main.o:main.cpp:(.rdata$_ZTV15wxAnyButtonBase[_ZTV15wxAnyButtonBase]+0x50): undefined reference to `wxEvtHandler::QueueEvent(wxEvent*)'
main.o:main.cpp:(.rdata$_ZTV15wxAnyButtonBase[_ZTV15wxAnyButtonBase]+0x60): undefined reference to `wxEvtHandler::SearchEventTable(wxEventTable&, wxEvent&)'
main.o:main.cpp:(.rdata$_ZTV15wxAnyButtonBase[_ZTV15wxAnyButtonBase]+0x68): undefined reference to `wxWindowBase::TryBefore(wxEvent&)'
main.o:main.cpp:(.rdata$_ZTV15wxAnyButtonBase[_ZTV15wxAnyButtonBase]+0x70): undefined reference to `wxWindowBase::TryAfter(wxEvent&)'
main.o:main.cpp:(.rdata$_ZTV15wxAnyButtonBase[_ZTV15wxAnyButtonBase]+0x80): undefined reference to `wxWindow::GetEventTable() const'
main.o:main.cpp:(.rdata$_ZTV15wxAnyButtonBase[_ZTV15wxAnyButtonBase]+0x88): undefined reference to `wxWindow::GetEventHashTable() const'
main.o:main.cpp:(.rdata$_ZTV15wxAnyButtonBase[_ZTV15wxAnyButtonBase]+0x90): undefined reference to `wxEvtHandler::DoSetClientObject(wxClientData*)'
main.o:main.cpp:(.rdata$_ZTV15wxAnyButtonBase[_ZTV15wxAnyButtonBase]+0x98): undefined reference to `wxEvtHandler::DoGetClientObject() const'
main.o:main.cpp:(.rdata$_ZTV15wxAnyButtonBase[_ZTV15wxAnyButtonBase]+0xa0): undefined reference to `wxEvtHandler::DoSetClientData(void*)'
main.o:main.cpp:(.rdata$_ZTV15wxAnyButtonBase[_ZTV15wxAnyButtonBase]+0xa8): undefined reference to `wxEvtHandler::DoGetClientData() const'
main.o:main.cpp:(.rdata$_ZTV15wxAnyButtonBase[_ZTV15wxAnyButtonBase]+0xb0): undefined reference to `wxWindowBase::Destroy()'
main.o:main.cpp:(.rdata$_ZTV15wxAnyButtonBase[_ZTV15wxAnyButtonBase]+0xd8): undefined reference to `wxWindow::GetLayoutDirection() const'
main.o:main.cpp:(.rdata$_ZTV15wxAnyButtonBase[_ZTV15wxAnyButtonBase]+0xe0): undefined reference to `wxWindow::SetLayoutDirection(wxLayoutDirection)'
main.o:main.cpp:(.rdata$_ZTV15wxAnyButtonBase[_ZTV15wxAnyButtonBase]+0xe8): undefined reference to `wxWindow::AdjustForLayoutDirection(int, int, int) const'
main.o:main.cpp:(.rdata$_ZTV15wxAnyButtonBase[_ZTV15wxAnyButtonBase]+0xf0): undefined reference to `wxWindow::SetId(int)'
main.o:main.cpp:(.rdata$_ZTV15wxAnyButtonBase[_ZTV15wxAnyButtonBase]+0xf8): undefined reference to `wxWindow::Raise()'
main.o:main.cpp:(.rdata$_ZTV15wxAnyButtonBase[_ZTV15wxAnyButtonBase]+0x100): undefined reference to `wxWindow::Lower()'
main.o:main.cpp:(.rdata$_ZTV15wxAnyButtonBase[_ZTV15wxAnyButtonBase]+0x108): undefined reference to `wxWindowBase::GetClientAreaOrigin() const'
main.o:main.cpp:(.rdata$_ZTV15wxAnyButtonBase[_ZTV15wxAnyButtonBase]+0x110): undefined reference to `wxWindowBase::ClientToWindowSize(wxSize const&) const'
main.o:main.cpp:(.rdata$_ZTV15wxAnyButtonBase[_ZTV15wxAnyButtonBase]+0x118): undefined reference to `wxWindowBase::WindowToClientSize(wxSize const&) const'
main.o:main.cpp:(.rdata$_ZTV15wxAnyButtonBase[_ZTV15wxAnyButtonBase]+0x120): undefined reference to `wxWindowBase::GetEffectiveMinSize() const'
main.o:main.cpp:(.rdata$_ZTV15wxAnyButtonBase[_ZTV15wxAnyButtonBase]+0x128): undefined reference to `wxWindowBase::Fit()'
main.o:main.cpp:(.rdata$_ZTV15wxAnyButtonBase[_ZTV15wxAnyButtonBase]+0x130): undefined reference to `wxWindowBase::FitInside()'
main.o:main.cpp:(.rdata$_ZTV15wxAnyButtonBase[_ZTV15wxAnyButtonBase]+0x140): undefined reference to `wxWindowBase::SetMinSize(wxSize const&)'
main.o:main.cpp:(.rdata$_ZTV15wxAnyButtonBase[_ZTV15wxAnyButtonBase]+0x148): undefined reference to `wxWindowBase::SetMaxSize(wxSize const&)'
main.o:main.cpp:(.rdata$_ZTV15wxAnyButtonBase[_ZTV15wxAnyButtonBase]+0x180): undefined reference to `wxWindowBase::DoSetVirtualSize(int, int)'
main.o:main.cpp:(.rdata$_ZTV15wxAnyButtonBase[_ZTV15wxAnyButtonBase]+0x188): undefined reference to `wxWindowBase::DoGetVirtualSize() const'
main.o:main.cpp:(.rdata$_ZTV15wxAnyButtonBase[_ZTV15wxAnyButtonBase]+0x198): undefined reference to `wxWindowBase::GetContentScaleFactor() const'
main.o:main.cpp:(.rdata$_ZTV15wxAnyButtonBase[_ZTV15wxAnyButtonBase]+0x1a0): undefined reference to `wxWindowBase::GetWindowBorderSize() const'
main.o:main.cpp:(.rdata$_ZTV15wxAnyButtonBase[_ZTV15wxAnyButtonBase]+0x1a8): undefined reference to `wxWindowBase::InformFirstDirection(int, int, int)'
main.o:main.cpp:(.rdata$_ZTV15wxAnyButtonBase[_ZTV15wxAnyButtonBase]+0x1b0): undefined reference to `wxWindowBase::SendSizeEvent(int)'
main.o:main.cpp:(.rdata$_ZTV15wxAnyButtonBase[_ZTV15wxAnyButtonBase]+0x1b8): undefined reference to `wxWindow::BeginRepositioningChildren()'
main.o:main.cpp:(.rdata$_ZTV15wxAnyButtonBase[_ZTV15wxAnyButtonBase]+0x1c0): undefined reference to `wxWindow::EndRepositioningChildren()'
main.o:main.cpp:(.rdata$_ZTV15wxAnyButtonBase[_ZTV15wxAnyButtonBase]+0x1c8): undefined reference to `wxWindow::Show(bool)'
main.o:main.cpp:(.rdata$_ZTV15wxAnyButtonBase[_ZTV15wxAnyButtonBase]+0x1e0): undefined reference to `wxWindowBase::Enable(bool)'
main.o:main.cpp:(.rdata$_ZTV15wxAnyButtonBase[_ZTV15wxAnyButtonBase]+0x1f0): undefined reference to `wxWindowBase::IsShownOnScreen() const'
main.o:main.cpp:(.rdata$_ZTV15wxAnyButtonBase[_ZTV15wxAnyButtonBase]+0x1f8): undefined reference to `wxWindow::SetWindowStyleFlag(long)'
main.o:main.cpp:(.rdata$_ZTV15wxAnyButtonBase[_ZTV15wxAnyButtonBase]+0x210): undefined reference to `wxWindow::SetExtraStyle(long)'
main.o:main.cpp:(.rdata$_ZTV15wxAnyButtonBase[_ZTV15wxAnyButtonBase]+0x228): undefined reference to `wxWindow::SetFocus()'
main.o:main.cpp:(.rdata$_ZTV15wxAnyButtonBase[_ZTV15wxAnyButtonBase]+0x230): undefined reference to `wxWindow::SetFocusFromKbd()'
main.o:main.cpp:(.rdata$_ZTV15wxAnyButtonBase[_ZTV15wxAnyButtonBase]+0x238): undefined reference to `wxWindowBase::HasFocus() const'
main.o:main.cpp:(.rdata$_ZTV15wxAnyButtonBase[_ZTV15wxAnyButtonBase]+0x268): undefined reference to `wxWindowBase::IsTopLevel() const'
main.o:main.cpp:(.rdata$_ZTV15wxAnyButtonBase[_ZTV15wxAnyButtonBase]+0x270): undefined reference to `wxWindow::Reparent(wxWindowBase*)'
main.o:main.cpp:(.rdata$_ZTV15wxAnyButtonBase[_ZTV15wxAnyButtonBase]+0x278): undefined reference to `wxWindowBase::AddChild(wxWindowBase*)'
main.o:main.cpp:(.rdata$_ZTV15wxAnyButtonBase[_ZTV15wxAnyButtonBase]+0x280): undefined reference to `wxWindowBase::RemoveChild(wxWindowBase*)'
main.o:main.cpp:(.rdata$_ZTV15wxAnyButtonBase[_ZTV15wxAnyButtonBase]+0x290): undefined reference to `wxWindowBase::SetValidator(wxValidator const&)'
main.o:main.cpp:(.rdata$_ZTV15wxAnyButtonBase[_ZTV15wxAnyButtonBase]+0x2a0): undefined reference to `wxWindowBase::Validate()'
main.o:main.cpp:(.rdata$_ZTV15wxAnyButtonBase[_ZTV15wxAnyButtonBase]+0x2a8): undefined reference to `wxWindowBase::TransferDataToWindow()'
main.o:main.cpp:(.rdata$_ZTV15wxAnyButtonBase[_ZTV15wxAnyButtonBase]+0x2b0): undefined reference to `wxWindowBase::TransferDataFromWindow()'
main.o:main.cpp:(.rdata$_ZTV15wxAnyButtonBase[_ZTV15wxAnyButtonBase]+0x2b8): undefined reference to `wxWindowBase::InitDialog()'
main.o:main.cpp:(.rdata$_ZTV15wxAnyButtonBase[_ZTV15wxAnyButtonBase]+0x2c8): undefined reference to `wxWindow::RegisterHotKey(int, int, int)'
main.o:main.cpp:(.rdata$_ZTV15wxAnyButtonBase[_ZTV15wxAnyButtonBase]+0x2d0): undefined reference to `wxWindow::UnregisterHotKey(int)'
main.o:main.cpp:(.rdata$_ZTV15wxAnyButtonBase[_ZTV15wxAnyButtonBase]+0x2d8): undefined reference to `wxWindow::WarpPointer(int, int)'
main.o:main.cpp:(.rdata$_ZTV15wxAnyButtonBase[_ZTV15wxAnyButtonBase]+0x2e8): undefined reference to `wxWindow::Refresh(bool, wxRect const*)'
main.o:main.cpp:(.rdata$_ZTV15wxAnyButtonBase[_ZTV15wxAnyButtonBase]+0x2f0): undefined reference to `wxWindow::Update()'
main.o:main.cpp:(.rdata$_ZTV15wxAnyButtonBase[_ZTV15wxAnyButtonBase]+0x2f8): undefined reference to `wxWindowBase::ClearBackground()'
main.o:main.cpp:(.rdata$_ZTV15wxAnyButtonBase[_ZTV15wxAnyButtonBase]+0x308): undefined reference to `wxWindow::IsDoubleBuffered() const'
main.o:main.cpp:(.rdata$_ZTV15wxAnyButtonBase[_ZTV15wxAnyButtonBase]+0x310): undefined reference to `wxWindowBase::DoIsExposed(int, int) const'
main.o:main.cpp:(.rdata$_ZTV15wxAnyButtonBase[_ZTV15wxAnyButtonBase]+0x318): undefined reference to `wxWindowBase::DoIsExposed(int, int, int, int) const'
main.o:main.cpp:(.rdata$_ZTV15wxAnyButtonBase[_ZTV15wxAnyButtonBase]+0x328): undefined reference to `wxWindowBase::SetBackgroundColour(wxColour const&)'
main.o:main.cpp:(.rdata$_ZTV15wxAnyButtonBase[_ZTV15wxAnyButtonBase]+0x330): undefined reference to `wxWindowBase::SetForegroundColour(wxColour const&)'
main.o:main.cpp:(.rdata$_ZTV15wxAnyButtonBase[_ZTV15wxAnyButtonBase]+0x338): undefined reference to `wxWindowBase::SetBackgroundStyle(wxBackgroundStyle)'
main.o:main.cpp:(.rdata$_ZTV15wxAnyButtonBase[_ZTV15wxAnyButtonBase]+0x348): undefined reference to `wxWindowBase::IsTransparentBackgroundSupported(wxString*) const'
main.o:main.cpp:(.rdata$_ZTV15wxAnyButtonBase[_ZTV15wxAnyButtonBase]+0x350): undefined reference to `wxControlBase::SetFont(wxFont const&)'
main.o:main.cpp:(.rdata$_ZTV15wxAnyButtonBase[_ZTV15wxAnyButtonBase]+0x358): undefined reference to `wxWindow::SetCursor(wxCursor const&)'
main.o:main.cpp:(.rdata$_ZTV15wxAnyButtonBase[_ZTV15wxAnyButtonBase]+0x360): undefined reference to `wxWindow::GetCharHeight() const'
main.o:main.cpp:(.rdata$_ZTV15wxAnyButtonBase[_ZTV15wxAnyButtonBase]+0x368): undefined reference to `wxWindow::GetCharWidth() const'
main.o:main.cpp:(.rdata$_ZTV15wxAnyButtonBase[_ZTV15wxAnyButtonBase]+0x370): undefined reference to `wxWindowBase::UpdateWindowUI(long)'
main.o:main.cpp:(.rdata$_ZTV15wxAnyButtonBase[_ZTV15wxAnyButtonBase]+0x378): undefined reference to `wxControlBase::DoUpdateWindowUI(wxUpdateUIEvent&)'
main.o:main.cpp:(.rdata$_ZTV15wxAnyButtonBase[_ZTV15wxAnyButtonBase]+0x388): undefined reference to `wxWindowBase::CanScroll(int) const'
main.o:main.cpp:(.rdata$_ZTV15wxAnyButtonBase[_ZTV15wxAnyButtonBase]+0x390): undefined reference to `wxWindow::SetScrollbar(int, int, int, int, bool)'
main.o:main.cpp:(.rdata$_ZTV15wxAnyButtonBase[_ZTV15wxAnyButtonBase]+0x398): undefined reference to `wxWindow::SetScrollPos(int, int, bool)'
main.o:main.cpp:(.rdata$_ZTV15wxAnyButtonBase[_ZTV15wxAnyButtonBase]+0x3a0): undefined reference to `wxWindow::GetScrollPos(int) const'
main.o:main.cpp:(.rdata$_ZTV15wxAnyButtonBase[_ZTV15wxAnyButtonBase]+0x3a8): undefined reference to `wxWindow::GetScrollThumb(int) const'
main.o:main.cpp:(.rdata$_ZTV15wxAnyButtonBase[_ZTV15wxAnyButtonBase]+0x3b0): undefined reference to `wxWindow::GetScrollRange(int) const'
main.o:main.cpp:(.rdata$_ZTV15wxAnyButtonBase[_ZTV15wxAnyButtonBase]+0x3b8): undefined reference to `wxWindow::ScrollWindow(int, int, wxRect const*)'
main.o:main.cpp:(.rdata$_ZTV15wxAnyButtonBase[_ZTV15wxAnyButtonBase]+0x3c0): undefined reference to `wxWindow::ScrollLines(int)'
main.o:main.cpp:(.rdata$_ZTV15wxAnyButtonBase[_ZTV15wxAnyButtonBase]+0x3c8): undefined reference to `wxWindow::ScrollPages(int)'
main.o:main.cpp:(.rdata$_ZTV15wxAnyButtonBase[_ZTV15wxAnyButtonBase]+0x3e0): undefined reference to `wxWindowBase::GetHelpTextAtPoint(wxPoint const&, wxHelpEvent::Origin) const'
main.o:main.cpp:(.rdata$_ZTV15wxAnyButtonBase[_ZTV15wxAnyButtonBase]+0x3e8): undefined reference to `wxWindow::SetDropTarget(wxDropTarget*)'
main.o:main.cpp:(.rdata$_ZTV15wxAnyButtonBase[_ZTV15wxAnyButtonBase]+0x3f8): undefined reference to `wxWindow::DragAcceptFiles(bool)'
main.o:main.cpp:(.rdata$_ZTV15wxAnyButtonBase[_ZTV15wxAnyButtonBase]+0x400): undefined reference to `wxWindowBase::SetConstraintSizes(bool)'
main.o:main.cpp:(.rdata$_ZTV15wxAnyButtonBase[_ZTV15wxAnyButtonBase]+0x408): undefined reference to `wxWindowBase::LayoutPhase1(int*)'
main.o:main.cpp:(.rdata$_ZTV15wxAnyButtonBase[_ZTV15wxAnyButtonBase]+0x410): undefined reference to `wxWindowBase::LayoutPhase2(int*)'
main.o:main.cpp:(.rdata$_ZTV15wxAnyButtonBase[_ZTV15wxAnyButtonBase]+0x418): undefined reference to `wxWindowBase::DoPhase(int)'
main.o:main.cpp:(.rdata$_ZTV15wxAnyButtonBase[_ZTV15wxAnyButtonBase]+0x420): undefined reference to `wxWindowBase::SetSizeConstraint(int, int, int, int)'
main.o:main.cpp:(.rdata$_ZTV15wxAnyButtonBase[_ZTV15wxAnyButtonBase]+0x428): undefined reference to `wxWindowBase::MoveConstraint(int, int)'
main.o:main.cpp:(.rdata$_ZTV15wxAnyButtonBase[_ZTV15wxAnyButtonBase]+0x430): undefined reference to `wxWindowBase::GetSizeConstraint(int*, int*) const'
main.o:main.cpp:(.rdata$_ZTV15wxAnyButtonBase[_ZTV15wxAnyButtonBase]+0x438): undefined reference to `wxWindowBase::GetClientSizeConstraint(int*, int*) const'
main.o:main.cpp:(.rdata$_ZTV15wxAnyButtonBase[_ZTV15wxAnyButtonBase]+0x440): undefined reference to `wxWindowBase::GetPositionConstraint(int*, int*) const'
main.o:main.cpp:(.rdata$_ZTV15wxAnyButtonBase[_ZTV15wxAnyButtonBase]+0x448): undefined reference to `wxWindowBase::Layout()'
main.o:main.cpp:(.rdata$_ZTV15wxAnyButtonBase[_ZTV15wxAnyButtonBase]+0x460): undefined reference to `wxWindow::OnInternalIdle()'
main.o:main.cpp:(.rdata$_ZTV15wxAnyButtonBase[_ZTV15wxAnyButtonBase]+0x468): undefined reference to `wxWindowBase::SendIdleEvents(wxIdleEvent&)'
main.o:main.cpp:(.rdata$_ZTV15wxAnyButtonBase[_ZTV15wxAnyButtonBase]+0x478): undefined reference to `wxWindow::AssociateHandle(HWND__*)'
main.o:main.cpp:(.rdata$_ZTV15wxAnyButtonBase[_ZTV15wxAnyButtonBase]+0x480): undefined reference to `wxWindow::DissociateHandle()'
main.o:main.cpp:(.rdata$_ZTV15wxAnyButtonBase[_ZTV15wxAnyButtonBase]+0x488): undefined reference to `wxWindowBase::InheritAttributes()'
main.o:main.cpp:(.rdata$_ZTV15wxAnyButtonBase[_ZTV15wxAnyButtonBase]+0x4b8): undefined reference to `wxWindowBase::DoMoveInTabOrder(wxWindow*, wxWindowBase::WindowOrder)'
main.o:main.cpp:(.rdata$_ZTV15wxAnyButtonBase[_ZTV15wxAnyButtonBase]+0x4c0): undefined reference to `wxWindowBase::DoNavigateIn(int)'
main.o:main.cpp:(.rdata$_ZTV15wxAnyButtonBase[_ZTV15wxAnyButtonBase]+0x4c8): undefined reference to `wxWindow::DoEnable(bool)'
main.o:main.cpp:(.rdata$_ZTV15wxAnyButtonBase[_ZTV15wxAnyButtonBase]+0x4d8): undefined reference to `wxWindow::GetDefaultBorderForControl() const'
main.o:main.cpp:(.rdata$_ZTV15wxAnyButtonBase[_ZTV15wxAnyButtonBase]+0x4e8): undefined reference to `wxWindow::DoGetTextExtent(wxString const&, int*, int*, int*, int*, wxFont const*) const'
main.o:main.cpp:(.rdata$_ZTV15wxAnyButtonBase[_ZTV15wxAnyButtonBase]+0x4f0): undefined reference to `wxWindow::DoClientToScreen(int*, int*) const'
main.o:main.cpp:(.rdata$_ZTV15wxAnyButtonBase[_ZTV15wxAnyButtonBase]+0x4f8): undefined reference to `wxWindow::DoScreenToClient(int*, int*) const'
main.o:main.cpp:(.rdata$_ZTV15wxAnyButtonBase[_ZTV15wxAnyButtonBase]+0x500): undefined reference to `wxWindowBase::DoHitTest(int, int) const'
main.o:main.cpp:(.rdata$_ZTV15wxAnyButtonBase[_ZTV15wxAnyButtonBase]+0x508): undefined reference to `wxWindow::DoCaptureMouse()'
main.o:main.cpp:(.rdata$_ZTV15wxAnyButtonBase[_ZTV15wxAnyButtonBase]+0x510): undefined reference to `wxWindow::DoReleaseMouse()'
main.o:main.cpp:(.rdata$_ZTV15wxAnyButtonBase[_ZTV15wxAnyButtonBase]+0x518): undefined reference to `wxWindow::DoGetPosition(int*, int*) const'
main.o:main.cpp:(.rdata$_ZTV15wxAnyButtonBase[_ZTV15wxAnyButtonBase]+0x520): undefined reference to `wxWindowBase::DoGetScreenPosition(int*, int*) const'
main.o:main.cpp:(.rdata$_ZTV15wxAnyButtonBase[_ZTV15wxAnyButtonBase]+0x528): undefined reference to `wxWindow::DoGetSize(int*, int*) const'
main.o:main.cpp:(.rdata$_ZTV15wxAnyButtonBase[_ZTV15wxAnyButtonBase]+0x530): undefined reference to `wxWindow::DoGetClientSize(int*, int*) const'
main.o:main.cpp:(.rdata$_ZTV15wxAnyButtonBase[_ZTV15wxAnyButtonBase]+0x538): undefined reference to `wxControl::DoGetBestSize() const'
main.o:main.cpp:(.rdata$_ZTV15wxAnyButtonBase[_ZTV15wxAnyButtonBase]+0x558): undefined reference to `wxWindow::DoSetSize(int, int, int, int, int)'
main.o:main.cpp:(.rdata$_ZTV15wxAnyButtonBase[_ZTV15wxAnyButtonBase]+0x560): undefined reference to `wxWindow::DoSetClientSize(int, int)'
main.o:main.cpp:(.rdata$_ZTV15wxAnyButtonBase[_ZTV15wxAnyButtonBase]+0x568): undefined reference to `wxWindowBase::DoSetSizeHints(int, int, int, int, int, int)'
main.o:main.cpp:(.rdata$_ZTV15wxAnyButtonBase[_ZTV15wxAnyButtonBase]+0x570): undefined reference to `wxWindow::DoGetBorderSize() const'
main.o:main.cpp:(.rdata$_ZTV15wxAnyButtonBase[_ZTV15wxAnyButtonBase]+0x578): undefined reference to `wxWindow::DoMoveWindow(int, int, int, int)'
main.o:main.cpp:(.rdata$_ZTV15wxAnyButtonBase[_ZTV15wxAnyButtonBase]+0x580): undefined reference to `wxWindowBase::DoCentre(int)'
main.o:main.cpp:(.rdata$_ZTV15wxAnyButtonBase[_ZTV15wxAnyButtonBase]+0x588): undefined reference to `wxWindowBase::DoSetToolTipText(wxString const&)'
main.o:main.cpp:(.rdata$_ZTV15wxAnyButtonBase[_ZTV15wxAnyButtonBase]+0x590): undefined reference to `wxWindow::DoSetToolTip(wxToolTip*)'
main.o:main.cpp:(.rdata$_ZTV15wxAnyButtonBase[_ZTV15wxAnyButtonBase]+0x598): undefined reference to `wxWindow::DoPopupMenu(wxMenu*, int, int)'
main.o:main.cpp:(.rdata$_ZTV15wxAnyButtonBase[_ZTV15wxAnyButtonBase]+0x5a0): undefined reference to `wxWindowBase::AdjustForParentClientOrigin(int&, int&, int) const'
main.o:main.cpp:(.rdata$_ZTV15wxAnyButtonBase[_ZTV15wxAnyButtonBase]+0x5a8): undefined reference to `wxWindowBase::DoSetWindowVariant(wxWindowVariant)'
main.o:main.cpp:(.rdata$_ZTV15wxAnyButtonBase[_ZTV15wxAnyButtonBase]+0x5b0): undefined reference to `wxWindow::DoFreeze()'
main.o:main.cpp:(.rdata$_ZTV15wxAnyButtonBase[_ZTV15wxAnyButtonBase]+0x5b8): undefined reference to `wxWindow::DoThaw()'
main.o:main.cpp:(.rdata$_ZTV15wxAnyButtonBase[_ZTV15wxAnyButtonBase]+0x5c0): undefined reference to `wxWindow::LoadNativeDialog(wxWindow*, int)'
main.o:main.cpp:(.rdata$_ZTV15wxAnyButtonBase[_ZTV15wxAnyButtonBase]+0x5c8): undefined reference to `wxWindow::LoadNativeDialog(wxWindow*, wxString const&)'
main.o:main.cpp:(.rdata$_ZTV15wxAnyButtonBase[_ZTV15wxAnyButtonBase]+0x5e0): undefined reference to `wxControl::MSWGetStyle(long, unsigned long*) const'
main.o:main.cpp:(.rdata$_ZTV15wxAnyButtonBase[_ZTV15wxAnyButtonBase]+0x5e8): undefined reference to `wxWindow::MSWGetParent() const'
main.o:main.cpp:(.rdata$_ZTV15wxAnyButtonBase[_ZTV15wxAnyButtonBase]+0x5f0): undefined reference to `wxWindow::MSWCommand(unsigned int, unsigned short)'
main.o:main.cpp:(.rdata$_ZTV15wxAnyButtonBase[_ZTV15wxAnyButtonBase]+0x5f8): undefined reference to `wxWindow::CreateWindowFromHWND(wxWindow*, HWND__*)'
main.o:main.cpp:(.rdata$_ZTV15wxAnyButtonBase[_ZTV15wxAnyButtonBase]+0x600): undefined reference to `wxWindow::AdoptAttributesFromHWND()'
main.o:main.cpp:(.rdata$_ZTV15wxAnyButtonBase[_ZTV15wxAnyButtonBase]+0x608): undefined reference to `wxWindow::SetupColours()'
main.o:main.cpp:(.rdata$_ZTV15wxAnyButtonBase[_ZTV15wxAnyButtonBase]+0x610): undefined reference to `wxWindow::MSWOnScroll(int, unsigned short, unsigned short, HWND__*)'
main.o:main.cpp:(.rdata$_ZTV15wxAnyButtonBase[_ZTV15wxAnyButtonBase]+0x618): undefined reference to `wxControl::MSWOnNotify(int, long long, long long*)'
main.o:main.cpp:(.rdata$_ZTV15wxAnyButtonBase[_ZTV15wxAnyButtonBase]+0x620): undefined reference to `wxWindow::MSWOnDrawItem(int, void**)'
main.o:main.cpp:(.rdata$_ZTV15wxAnyButtonBase[_ZTV15wxAnyButtonBase]+0x628): undefined reference to `wxWindow::MSWOnMeasureItem(int, void**)'
main.o:main.cpp:(.rdata$_ZTV15wxAnyButtonBase[_ZTV15wxAnyButtonBase]+0x630): undefined reference to `wxWindow::HandleSettingChange(unsigned long long, long long)'
main.o:main.cpp:(.rdata$_ZTV15wxAnyButtonBase[_ZTV15wxAnyButtonBase]+0x638): undefined reference to `wxWindow::MSWHandleMessage(long long*, unsigned int, unsigned long long, long long)'
main.o:main.cpp:(.rdata$_ZTV15wxAnyButtonBase[_ZTV15wxAnyButtonBase]+0x640): undefined reference to `wxWindow::MSWWindowProc(unsigned int, unsigned long long, long long)'
main.o:main.cpp:(.rdata$_ZTV15wxAnyButtonBase[_ZTV15wxAnyButtonBase]+0x648): undefined reference to `wxWindow::MSWDefWindowProc(unsigned int, unsigned long long, long long)'
main.o:main.cpp:(.rdata$_ZTV15wxAnyButtonBase[_ZTV15wxAnyButtonBase]+0x650): undefined reference to `wxWindow::MSWShouldPreProcessMessage(tagMSG*)'
main.o:main.cpp:(.rdata$_ZTV15wxAnyButtonBase[_ZTV15wxAnyButtonBase]+0x658): undefined reference to `wxWindow::MSWProcessMessage(tagMSG*)'
main.o:main.cpp:(.rdata$_ZTV15wxAnyButtonBase[_ZTV15wxAnyButtonBase]+0x660): undefined reference to `wxWindow::MSWTranslateMessage(tagMSG*)'
main.o:main.cpp:(.rdata$_ZTV15wxAnyButtonBase[_ZTV15wxAnyButtonBase]+0x668): undefined reference to `wxWindow::MSWDestroyWindow()'
main.o:main.cpp:(.rdata$_ZTV15wxAnyButtonBase[_ZTV15wxAnyButtonBase]+0x680): undefined reference to `wxWindow::MSWGetBgBrushForChild(HDC__*, wxWindow*)'
main.o:main.cpp:(.rdata$_ZTV15wxAnyButtonBase[_ZTV15wxAnyButtonBase]+0x6a8): undefined reference to `wxWindow::HandleMenuSelect(unsigned short, unsigned short, HMENU__*)'
main.o:main.cpp:(.rdata$_ZTV15wxAnyButtonBase[_ZTV15wxAnyButtonBase]+0x6b0): undefined reference to `wxWindow::DoSendMenuOpenCloseEvent(int, wxMenu*)'
main.o:main.cpp:(.rdata$_ZTV15wxAnyButtonBase[_ZTV15wxAnyButtonBase]+0x6b8): undefined reference to `wxWindow::MSWFindMenuFromHMENU(HMENU__*)'
main.o:main.cpp:(.rdata$_ZTV15wxAnyButtonBase[_ZTV15wxAnyButtonBase]+0x6c0): undefined reference to `wxWindow::TranslateBorder(wxBorder) const'
main.o:main.cpp:(.rdata$_ZTV15wxAnyButtonBase[_ZTV15wxAnyButtonBase]+0x6c8): undefined reference to `wxWindow::MSWGetCreateWindowCoords(wxPoint const&, wxSize const&, int&, int&, int&, int&) const'
main.o:main.cpp:(.rdata$_ZTV15wxAnyButtonBase[_ZTV15wxAnyButtonBase]+0x6d0): undefined reference to `wxControl::MSWFindItem(long, HWND__*) const'
main.o:main.cpp:(.rdata$_ZTV15wxAnyButtonBase[_ZTV15wxAnyButtonBase]+0x6f8): undefined reference to `wxControlBase::DoSetLabelMarkup(wxString const&)'
main.o:main.cpp:(.rdata$_ZTV15wxAnyButtonBase[_ZTV15wxAnyButtonBase]+0x700): undefined reference to `wxControlBase::DoGetSizeFromTextSize(int, int) const'
main.o:main.cpp:(.rdata$_ZTV15wxAnyButtonBase[_ZTV15wxAnyButtonBase]+0x718): undefined reference to `wxControl::MSWControlColor(HDC__*, HWND__*)'
main.o:main.cpp:(.rdata$_ZTV15wxAnyButtonBase[_ZTV15wxAnyButtonBase]+0x720): undefined reference to `wxControl::DoMSWControlColor(HDC__*, wxColour, HWND__*)'
main.o: In function `wxObjectEventFunctor::~wxObjectEventFunctor()':
C:/wxWidgets-3.1.0/include/wx/event.h:195: undefined reference to `wxEventFunctor::~wxEventFunctor()'
main.o:main.cpp:(.rdata$_ZTV20wxThreadHelperThread[_ZTV20wxThreadHelperThread]+0x10): undefined reference to `wxThread::TestDestroy()'
main.o: In function `wxThreadHelperThread::~wxThreadHelperThread()':
C:/wxWidgets-3.1.0/include/wx/thread.h:655: undefined reference to `wxThread::~wxThread()'
main.o: In function `wxEventFunctorMethod<wxEventTypeTag<wxCommandEvent>, my_first_app, wxCommandEvent, my_first_app>::operator()(wxEvtHandler*, wxEvent&)':
C:/wxWidgets-3.1.0/include/wx/event.h:367: undefined reference to `wxOnAssert(char const*, int, char const*, char const*, char const*)'
main.o:main.cpp:(.rdata$.refptr.wxTrapInAssert[.refptr.wxTrapInAssert]+0x0): undefined reference to `wxTrapInAssert'
main.o:main.cpp:(.rdata$.refptr.wxTheAssertHandler[.refptr.wxTheAssertHandler]+0x0): undefined reference to `wxTheAssertHandler'
main.o:main.cpp:(.rdata$.refptr.wxEVT_BUTTON[.refptr.wxEVT_BUTTON]+0x0): undefined reference to `wxEVT_BUTTON'
main.o:main.cpp:(.rdata$.refptr.wxDefaultValidator[.refptr.wxDefaultValidator]+0x0): undefined reference to `wxDefaultValidator'
main.o:main.cpp:(.rdata$.refptr.wxButtonNameStr[.refptr.wxButtonNameStr]+0x0): undefined reference to `wxButtonNameStr'
main.o:main.cpp:(.rdata$.refptr.wxFrameNameStr[.refptr.wxFrameNameStr]+0x0): undefined reference to `wxFrameNameStr'
main.o:main.cpp:(.rdata$.refptr.wxEVT_UPDATE_UI[.refptr.wxEVT_UPDATE_UI]+0x0): undefined reference to `wxEVT_UPDATE_UI'
main.o:main.cpp:(.rdata$.refptr.wxEVT_MENU[.refptr.wxEVT_MENU]+0x0): undefined reference to `wxEVT_MENU'
main.o:main.cpp:(.rdata$.refptr._ZTV17wxMDIClientWindow[.refptr._ZTV17wxMDIClientWindow]+0x0): undefined reference to `vtable for wxMDIClientWindow'
main.o:main.cpp:(.rdata$.refptr._ZTV8wxButton[.refptr._ZTV8wxButton]+0x0): undefined reference to `vtable for wxButton'
main.o:main.cpp:(.rdata$.refptr._ZTV12wxButtonBase[.refptr._ZTV12wxButtonBase]+0x0): undefined reference to `vtable for wxButtonBase'
main.o:main.cpp:(.rdata$.refptr._ZTV11wxAnyButton[.refptr._ZTV11wxAnyButton]+0x0): undefined reference to `vtable for wxAnyButton'
main.o:main.cpp:(.rdata$.refptr._ZTV8wxBitmap[.refptr._ZTV8wxBitmap]+0x0): undefined reference to `vtable for wxBitmap'
main.o:main.cpp:(.rdata$.refptr._ZTV7wxFrame[.refptr._ZTV7wxFrame]+0x0): undefined reference to `vtable for wxFrame'
main.o:main.cpp:(.rdata$.refptr._ZTV9wxControl[.refptr._ZTV9wxControl]+0x0): undefined reference to `vtable for wxControl'
main.o:main.cpp:(.rdata$.refptr._ZTV13wxControlBase[.refptr._ZTV13wxControlBase]+0x0): undefined reference to `vtable for wxControlBase'
main.o:main.cpp:(.rdata$.refptr.wxDefaultPosition[.refptr.wxDefaultPosition]+0x0): undefined reference to `wxDefaultPosition'
main.o:main.cpp:(.rdata$.refptr._ZTV8wxWindow[.refptr._ZTV8wxWindow]+0x0): undefined reference to `vtable for wxWindow'
main.o:main.cpp:(.rdata$.refptr.wxDefaultSize[.refptr.wxDefaultSize]+0x0): undefined reference to `wxDefaultSize'
main.o:main.cpp:(.rdata$.refptr._ZN16wxAppConsoleBase14ms_appInstanceE[.refptr._ZN16wxAppConsoleBase14ms_appInstanceE]+0x0): undefined reference to `wxAppConsoleBase::ms_appInstance'
main.o:main.cpp:(.rdata$.refptr._ZN16wxAppConsoleBase12ms_appInitFnE[.refptr._ZN16wxAppConsoleBase12ms_appInitFnE]+0x0): undefined reference to `wxAppConsoleBase::ms_appInitFn'
main.o:main.cpp:(.rdata$.refptr._ZTV14wxEventFunctor[.refptr._ZTV14wxEventFunctor]+0x0): undefined reference to `vtable for wxEventFunctor'
main.o:main.cpp:(.rdata$.refptr._ZTV10wxGDIImage[.refptr._ZTV10wxGDIImage]+0x0): undefined reference to `vtable for wxGDIImage'
main.o:main.cpp:(.rdata$.refptr._ZTV11wxGDIObject[.refptr._ZTV11wxGDIObject]+0x0): undefined reference to `vtable for wxGDIObject'
main.o:main.cpp:(.rdata$.refptr._ZTV8wxObject[.refptr._ZTV8wxObject]+0x0): undefined reference to `vtable for wxObject'
main.o:main.cpp:(.rdata$.refptr._ZN8wxString4nposE[.refptr._ZN8wxString4nposE]+0x0): undefined reference to `wxString::npos'
main.o:main.cpp:(.rdata$.refptr.wxConvLibcPtr[.refptr.wxConvLibcPtr]+0x0): undefined reference to `wxConvLibcPtr'
collect2.exe: error: ld returned 1 exit status

01:23:00 Build Finished (took 651ms)

